Hey! Now we will work with conveer.
How many request we will test?
So, we will test conveer on 1000 requests
START
END
Data:
Время в nsec
 Очередь|     min|     max|      av
       1|     550| 1076021|    9250
       2|     333| 1055411|    4211
    Этап|     min|     max|      av
       1|    3854|  638653|   10370
       2|    3246|  218091|    7779
       3|    3109|   54944|    6690

 Система|     min|     max|      av
        |   14051| 1119837|   38304
Show each request log?(1 -yes, other -no)
Table of requests log
 id |   go conv |1 step st | 2 step en |1 step st | 2 step en |1 step st | 2 step en |
  0 |         0 |    26079 |    664732 |   742436 |    758880 |   772739 |    788061 |
  1 |    121906 |   754064 |    769764 |   874328 |    885545 |   910297 |    921014 |
  2 |    771362 |   909081 |    919927 |  1000013 |   1012542 |  1138180 |   1147318 |
  3 |    920734 |  1054765 |   1064300 |  1224065 |   1245139 |  1250378 |   1254853 |
  4 |   1064843 |  1365380 |   1373496 |  1383268 |   1392493 |  1393559 |   1397981 |
  5 |   1382654 |  1450067 |   1464613 |  1474740 |   1485290 |  1487019 |   1496701 |
  6 |   1498192 |  1499075 |   1506823 |  1540792 |   1548461 |  1556604 |   1564338 |
  7 |   1498602 |  1617884 |   1627640 |  1630647 |   1642891 |  1643533 |   1650580 |
  8 |   1651564 |  1706643 |   1717353 |  1722394 |   1730959 |  1731787 |   1736708 |
  9 |   1737951 |  1796989 |   1805167 |  1809310 |   1813951 |  1814601 |   1819223 |
 10 |   1820352 |  1883808 |   1894320 |  1903558 |   1922516 |  1923622 |   1930865 |
 11 |   1902944 |  1968995 |   1974614 |  1978125 |   1990048 |  1990820 |   1995240 |
 12 |   1978034 |  2051845 |   2061071 |  2065122 |   2069918 |  2070621 |   2074851 |
 13 |   2076065 |  2137928 |   2153802 |  2163676 |   2170724 |  2171611 |   2178528 |
 14 |   2162848 |  2228934 |   2240335 |  2244886 |   2249660 |  2250362 |   2254679 |
 15 |   2255685 |  2438950 |   2448361 |  2456493 |   2465216 |  2466067 |   2471479 |
 16 |   2455947 |  2522755 |   2530226 |  2534909 |   2543277 |  2544021 |   2548857 |
 17 |   2534262 |  2607097 |   2613886 |  2617537 |   2626004 |  2626663 |   2631149 |
 18 |   2632363 |  2691093 |   2701038 |  2710496 |   2716715 |  2717599 |   2725159 |
 19 |   2709746 |  2775982 |   2788490 |  2792455 |   2803217 |  2803820 |   2811953 |
 20 |   2813035 |  2865487 |   2872836 |  2876465 |   2886213 |  2900543 |   2916053 |
 21 |   2875746 |  2951070 |   2961467 |  2970044 |   2975516 |  2976398 |   2981021 |
 22 |   2969309 |  3037100 |   3049090 |  3052776 |   3058987 |  3059674 |   3065236 |
 23 |   3066405 |  3127060 |   3135134 |  3143578 |   3150603 |  3151473 |   3156827 |
 24 |   3143006 |  3209166 |   3216404 |  3220077 |   3230455 |  3231006 |   3238774 |
 25 |   3239966 |  3294248 |   3305839 |  3314087 |   3322141 |  3323011 |   3330691 |
 26 |   3313453 |  3379932 |   3391751 |  3395875 |   3403428 |  3404015 |   3410408 |
 27 |   3411645 |  3467714 |   3480383 |  3488515 |   3496512 |  3497271 |   3504601 |
 28 |   3487983 |  3556206 |   3570453 |  3577749 |   3586325 |  3587185 |   3594576 |
 29 |   3577247 |  3643691 |   3655489 |  3662812 |   3667271 |  3668070 |   3672097 |
 30 |   3662268 |  3729157 |   3738633 |  3746763 |   3751783 |  3752659 |   3756927 |
 31 |   3746266 |  3813366 |   3822956 |  3830530 |   3835551 |  3836447 |   3841233 |
 32 |   3830002 |  3896595 |   3907549 |  3916412 |   3927283 |  3928332 |   3941033 |
 33 |   3915748 |  3986456 |   3996487 |  3997996 |   4004632 |  4015035 |   4022147 |
 34 |   3997272 |  4147647 |   4155228 |  4164908 |   4171835 |  4172649 |   4182540 |
 35 |   4164333 |  4335009 |   4350524 |  4352075 |   4366612 |  4378358 |   4392836 |
 36 |   4351342 |  4473477 |   4488894 |  4508047 |   4524161 |  4526218 |   4538730 |
 37 |   4506462 |  4569203 |   4583309 |  4584936 |   4595121 |  4609442 |   4618669 |
 38 |   4584169 |  4671825 |   4683124 |  4691179 |   4699630 |  4700372 |   4704757 |
 39 |   4690418 |  4754378 |   4762941 |  4763693 |   4770027 |  4777545 |   4783981 |
 40 |   4763312 |  4840751 |   4846244 |  4853605 |   4858518 |  4859164 |   4863431 |
 41 |   4852972 |  4917086 |   4924246 |  4925156 |   4930893 |  4938255 |   4961279 |
 42 |   4924632 |  5003707 |   5014849 |  5019300 |   5028824 |  5029597 |   5036575 |
 43 |   5048895 |  5100001 |   5110448 |  5111558 |   5116743 |  5121211 |   5132887 |
 44 |   5110944 |  5191861 |   5202103 |  5203129 |   5209459 |  5212979 |   5223703 |
 45 |   5202643 |  5284547 |   5290514 |  5293644 |   5302950 |  5303587 |   5308140 |
 46 |   5309253 |  5365941 |   5375546 |  5378823 |   5391487 |  5392092 |   5398722 |
 47 |   5399771 |  5450009 |   5460523 |  5463665 |   5475317 |  5475993 |   5481213 |
 48 |   5482165 |  5535440 |   5544007 |  5547586 |   5558815 |  5559587 |   5566715 |
 49 |   5567637 |  5611286 |   5619102 |  5622369 |   5633560 |  5634422 |   5640581 |
 50 |   5641721 |  5707516 |   5720547 |  5726140 |   5737031 |  5737838 |   5752697 |
 51 |   5754093 |  5786765 |   5813792 |  5856662 |   5871676 |  5887193 |   5897869 |
 52 |   5855947 |  5970520 |   5977010 |  5986954 |   5995454 |  5996589 |   6002993 |
 53 |   5986222 |  6048184 |   6057272 |  6058407 |   6066143 |  6074541 |   6094317 |
 54 |   6057847 |  6136004 |   6147755 |  6156717 |   6168387 |  6169583 |   6179954 |
 55 |   6156007 |  6218017 |   6226230 |  6227127 |   6234098 |  6243007 |   6254058 |
 56 |   6226678 |  6303453 |   6308930 |  6317958 |   6326647 |  6327886 |   6333942 |
 57 |   6317018 |  6377929 |   6385879 |  6386870 |   6393869 |  6408176 |   6425065 |
 58 |   6386387 |  6463960 |   6471614 |  6478931 |   6490913 |  6492090 |   6501560 |
 59 |   6478147 |  6539407 |   6545352 |  6546100 |   6549346 |  6557126 |   6563001 |
 60 |   6545702 |  6617058 |   6624085 |  6631409 |   6639572 |  6640779 |   6648452 |
 61 |   6630588 |  6691772 |   6701866 |  6702562 |   6709176 |  6717159 |   6728925 |
 62 |   6702212 |  6814879 |   6828001 |  6838658 |   6854594 |  6855832 |   6865975 |
 63 |   6837840 |  6904627 |   6914261 |  6915165 |   6921587 |  6930976 |   6942260 |
 64 |   6914784 |  6993941 |   7002239 |  7008501 |   7016209 |  7016992 |   7023775 |
 65 |   7007837 |  7074024 |   7081220 |  7091363 |   7098531 |  7099534 |   7105716 |
 66 |   7090491 |  7154958 |   7162883 |  7169842 |   7177947 |  7178827 |   7184581 |
 67 |   7169335 |  7235654 |   7247487 |  7253833 |   7260196 |  7260979 |   7266499 |
 68 |   7253289 |  7318765 |   7324172 |  7326802 |   7335635 |  7345040 |   7349028 |
 69 |   7326031 |  7403085 |   7414614 |  7422667 |   7431651 |  7432301 |   7438206 |
 70 |   7421982 |  7487955 |   7497962 |  7505232 |   7509637 |  7510296 |   7513604 |
 71 |   7504665 |  7570156 |   7575155 |  7578243 |   7584937 |  7590985 |   7595107 |
 72 |   7577431 |  7647720 |   7656736 |  7660781 |   7665064 |  7665654 |   7669829 |
 73 |   7670740 |  7715172 |   7721448 |  7727910 |   7731828 |  7732399 |   7735800 |
 74 |   7727456 |  7808540 |   7819743 |  7828194 |   7835503 |  7836329 |   7842687 |
 75 |   7827544 |  7888048 |   7894940 |  7901148 |   7906762 |  7907509 |   7912472 |
 76 |   7900688 |  7966026 |   7971080 |  7973599 |   7982105 |  7988165 |   7993572 |
 77 |   7972798 |  8041580 |   8050024 |  8052207 |   8057954 |  8064360 |   8071254 |
 78 |   8050502 |  8129381 |   8136284 |  8142255 |   8146264 |  8146935 |   8152035 |
 79 |   8141772 |  8215393 |   8227201 |  8234078 |   8240939 |  8241715 |   8247711 |
 80 |   8233412 |  8301692 |   8312808 |  8316406 |   8322199 |  8322682 |   8328346 |
 81 |   8329079 |  8369418 |   8378999 |  8397987 |   8405215 |  8406309 |   8410622 |
 82 |   8397225 |  8462040 |   8470909 |  8477695 |   8482875 |  8483549 |   8487952 |
 83 |   8477289 |  8542371 |   8556892 |  8563973 |   8573523 |  8574418 |   8580561 |
 84 |   8563541 |  8628371 |   8634880 |  8641584 |   8645917 |  8646629 |   8653998 |
 85 |   8641209 |  8711914 |   8719991 |  8726680 |   8733451 |  8734069 |   8740593 |
 86 |   8726213 |  8792658 |   8798331 |  8801077 |   8809711 |  8810237 |   8814687 |
 87 |   8799332 |  8873821 |   8884468 |  8892066 |   8899126 |  8899809 |   8905508 |
 88 |   8891493 |  8960523 |   8970490 |  8976778 |   8982936 |  8983652 |   8988911 |
 89 |   8976378 |  9042105 |   9049755 |  9056668 |   9061785 |  9062517 |   9067048 |
 90 |   9056267 |  9121498 |   9132506 |  9138734 |   9146245 |  9146955 |   9151417 |
 91 |   9138305 |  9203937 |   9215549 |  9221671 |   9228647 |  9229400 |   9235410 |
 92 |   9221274 |  9286449 |   9295221 |  9301582 |   9306016 |  9306764 |   9310721 |
 93 |   9301135 |  9366618 |   9372529 |  9374685 |   9382648 |  9388972 |   9392993 |
 94 |   9373855 |  9444402 |   9454246 |  9457987 |   9465700 |  9466215 |   9471447 |
 95 |   9472385 |  9527410 |   9539902 |  9546387 |   9553574 |  9554287 |   9560477 |
 96 |   9545990 |  9609899 |   9617987 |  9623080 |   9630171 |  9630696 |   9634506 |
 97 |   9619352 |  9679208 |   9689564 |  9697131 |   9704257 |  9704993 |   9711358 |
 98 |   9696410 |  9762648 |   9773479 |  9781120 |   9787972 |  9788674 |   9793063 |
 99 |   9780604 |  9846786 |   9853243 |  9859605 |   9865870 |  9866594 |   9871673 |
100 |   9859175 |  9923979 |   9931191 |  9937108 |   9943424 |  9944154 |   9950087 |
101 |   9936739 |  9999137 |  10003096 | 10004003 |  10007335 | 10009943 |  10013309 |
102 |  10003533 | 10081242 |  10088696 | 10094982 |  10100695 | 10101323 |  10106090 |
103 |  10094476 | 10159355 |  10163957 | 10167225 |  10171716 | 10177902 |  10183811 |
104 |  10166502 | 10235612 |  10241546 | 10242390 |  10249366 | 10255928 |  10261785 |
105 |  10242047 | 10322065 |  10326781 | 10327362 |  10332770 | 10333160 |  10338145 |
106 |  10339079 | 10349079 |  10356683 | 10409459 |  10418034 | 10421227 |  10427807 |
107 |  10357271 | 10493386 |  10504041 | 10511574 |  10519266 | 10519967 |  10527832 |
108 |  10511065 | 10576319 |  10585006 | 10588320 |  10592731 | 10593234 |  10598947 |
109 |  10600029 | 10659882 |  10666489 | 10673425 |  10679109 | 10679726 |  10684418 |
110 |  10672785 | 10737987 |  10744828 | 10747825 |  10756856 | 10757349 |  10763719 |
111 |  10764436 | 10819780 |  10828993 | 10835510 |  10841530 | 10842257 |  10847472 |
112 |  10834941 | 10900571 |  10910076 | 10913423 |  10917917 | 10918404 |  10922700 |
113 |  10923588 | 10982897 |  10994056 | 11000631 |  11007550 | 11008247 |  11014717 |
114 |  11000197 | 11065635 |  11073403 | 11080335 |  11087519 | 11088364 |  11093127 |
115 |  11079812 | 11144837 |  11156740 | 11162996 |  11169604 | 11170328 |  11176880 |
116 |  11162510 | 11228211 |  11237826 | 11244297 |  11250371 | 11251081 |  11256878 |
117 |  11243839 | 11308993 |  11319890 | 11325951 |  11333184 | 11333885 |  11340474 |
118 |  11325505 | 11391327 |  11401857 | 11408338 |  11416977 | 11417671 |  11423591 |
119 |  11407897 | 11472857 |  11482606 | 11488782 |  11493682 | 11494354 |  11498801 |
120 |  11488294 | 11553957 |  11564349 | 11570841 |  11576989 | 11577708 |  11583539 |
121 |  11570381 | 11635363 |  11644620 | 11650772 |  11655410 | 11656188 |  11662062 |
122 |  11650311 | 11715873 |  11723684 | 11730895 |  11735940 | 11736612 |  11740950 |
123 |  11730490 | 11795664 |  11802982 | 11809439 |  11812979 | 11813709 |  11816818 |
124 |  11808990 | 11874584 |  11885950 | 11892213 |  11900885 | 11901611 |  11909397 |
125 |  11891733 | 11956585 |  11968582 | 11983652 |  11992049 | 11993036 |  12001313 |
126 |  11982750 | 12045356 |  12055741 | 12058904 |  12064731 | 12065225 |  12070925 |
127 |  12071706 | 12117825 |  12124465 | 12127319 |  12131831 | 12132339 |  12136503 |
128 |  12119265 | 12199866 |  12207246 | 12210299 |  12221731 | 12222412 |  12227673 |
129 |  12234715 | 12282509 |  12291489 | 12294991 |  12299993 | 12300592 |  12305373 |
130 |  12306395 | 12364958 |  12375466 | 12382487 |  12388592 | 12389361 |  12394152 |
131 |  12381948 | 12446893 |  12454348 | 12457992 |  12461878 | 12462375 |  12465794 |
132 |  12466780 | 12528460 |  12535263 | 12542099 |  12547931 | 12548624 |  12553543 |
133 |  12541474 | 12606789 |  12614269 | 12617156 |  12627001 | 12627459 |  12634087 |
134 |  12634795 | 12689013 |  12698183 | 12704699 |  12710875 | 12711612 |  12717005 |
135 |  12704113 | 12769547 |  12782410 | 12785588 |  12793535 | 12794028 |  12800241 |
136 |  12801271 | 12855365 |  12863640 | 12870535 |  12874294 | 12874990 |  12878337 |
137 |  12870042 | 12935092 |  12945386 | 12948237 |  12954040 | 12954563 |  12959780 |
138 |  12960712 | 13018827 |  13025584 | 13032139 |  13037417 | 13038072 |  13042657 |
139 |  13031513 | 13096667 |  13101008 | 13103494 |  13110412 | 13111215 |  13114576 |
140 |  13102868 | 13177245 |  13188530 | 13193317 |  13201565 | 13202098 |  13209908 |
141 |  13210816 | 13222843 |  13231031 | 13231759 |  13237824 | 13290097 |  13302630 |
142 |  13238152 | 13285529 |  13293180 | 13376516 |  13383026 | 13389760 |  13397836 |
143 |  13293628 | 13455053 |  13460645 | 13463040 |  13471468 | 13472003 |  13478119 |
144 |  13479054 | 13534614 |  13542567 | 13545631 |  13549886 | 13550484 |  13554714 |
145 |  13555722 | 13601377 |  13608214 | 13615235 |  13619518 | 13622458 |  13629371 |
146 |  13608794 | 13693083 |  13699215 | 13705730 |  13711083 | 13711839 |  13716657 |
147 |  13705204 | 13771234 |  13784038 | 13790179 |  13797796 | 13798486 |  13804732 |
148 |  13789776 | 13855100 |  13862745 | 13868769 |  13876109 | 13876860 |  13882841 |
149 |  13868333 | 13933581 |  13940947 | 13946858 |  13953615 | 13954369 |  13961868 |
150 |  13946455 | 14012551 |  14017217 | 14019987 |  14024215 | 14025897 |  14029830 |
151 |  14019188 | 14089450 |  14096783 | 14099488 |  14109640 | 14110157 |  14117471 |
152 |  14118320 | 14172718 |  14181908 | 14189142 |  14195584 | 14196303 |  14201615 |
153 |  14188418 | 14272756 |  14285134 | 14288123 |  14294624 | 14295131 |  14301422 |
154 |  14302395 | 14358718 |  14366337 | 14372978 |  14377174 | 14377867 |  14383686 |
155 |  14372478 | 14437265 |  14448995 | 14451799 |  14458243 | 14458769 |  14467484 |
156 |  14468423 | 14523136 |  14531477 | 14538115 |  14546392 | 14547024 |  14553325 |
157 |  14537466 | 14603053 |  14610854 | 14613480 |  14622519 | 14623050 |  14628349 |
158 |  14629017 | 14685847 |  14694053 | 14700812 |  14704704 | 14705381 |  14708589 |
159 |  14700224 | 14765784 |  14772877 | 14776375 |  14781585 | 14782137 |  14786170 |
160 |  14787100 | 14845949 |  14854606 | 14861297 |  14866548 | 14867182 |  14873529 |
161 |  14860821 | 14925565 |  14936220 | 14939006 |  14944834 | 14945302 |  14950528 |
162 |  14951525 | 15010131 |  15017776 | 15024346 |  15030451 | 15031115 |  15036543 |
163 |  15023714 | 15088950 |  15094462 | 15097493 |  15106695 | 15107243 |  15111703 |
164 |  15112391 | 15169312 |  15175734 | 15182275 |  15186280 | 15187034 |  15190429 |
165 |  15181645 | 15246989 |  15257698 | 15260828 |  15267270 | 15267738 |  15273928 |
166 |  15274960 | 15333627 |  15343063 | 15349637 |  15356702 | 15357353 |  15362664 |
167 |  15349210 | 15414457 |  15426181 | 15429000 |  15437485 | 15438030 |  15444011 |
168 |  15444926 | 15499954 |  15506232 | 15512646 |  15519606 | 15520245 |  15525242 |
169 |  15512030 | 15577882 |  15584174 | 15586731 |  15595656 | 15596173 |  15602679 |
170 |  15603385 | 15659357 |  15665945 | 15672516 |  15676707 | 15677400 |  15682567 |
171 |  15671953 | 15738331 |  15743571 | 15747603 |  15753007 | 15753604 |  15757216 |
172 |  15745864 | 15817145 |  15824363 | 15831039 |  15835216 | 15835858 |  15839220 |
173 |  15830571 | 15895742 |  15907840 | 15910665 |  15916995 | 15917481 |  15923526 |
174 |  15924550 | 15981957 |  15988732 | 15995667 |  16000239 | 16000948 |  16004623 |
175 |  15995060 | 16060599 |  16065791 | 16068414 |  16076186 | 16076731 |  16080745 |
176 |  16066935 | 16140591 |  16149313 | 16156021 |  16165850 | 16166585 |  16172434 |
177 |  16155468 | 16220792 |  16228019 | 16231490 |  16238758 | 16239281 |  16244694 |
178 |  16245646 | 16301621 |  16309642 | 16316296 |  16320731 | 16321472 |  16325523 |
179 |  16315796 | 16383081 |  16394607 | 16397676 |  16402907 | 16403378 |  16411700 |
180 |  16412728 | 16468456 |  16473952 | 16480541 |  16485204 | 16485848 |  16491162 |
181 |  16479923 | 16545368 |  16552264 | 16554747 |  16563929 | 16564443 |  16569715 |
182 |  16570411 | 16627260 |  16634663 | 16641323 |  16646494 | 16647315 |  16651488 |
183 |  16640765 | 16706339 |  16715332 | 16718861 |  16724317 | 16724771 |  16731625 |
184 |  16732545 | 16788724 |  16799473 | 16805969 |  16812898 | 16813534 |  16819743 |
185 |  16805490 | 16870519 |  16878494 | 16881746 |  16885885 | 16886369 |  16892196 |
186 |  16893214 | 16952324 |  16958478 | 16965047 |  16971772 | 16972416 |  16977259 |
187 |  16964347 | 17029814 |  17036638 | 17039074 |  17048162 | 17048701 |  17053706 |
188 |  17054401 | 17111529 |  17118272 | 17124974 |  17130879 | 17131622 |  17135126 |
189 |  17124383 | 17189656 |  17200292 | 17203931 |  17208738 | 17209205 |  17213490 |
190 |  17214425 | 17273229 |  17283176 | 17289948 |  17295254 | 17295941 |  17300541 |
191 |  17289434 | 17354074 |  17361583 | 17365147 |  17370448 | 17370984 |  17374334 |
192 |  17375232 | 17433448 |  17477050 | 17483869 |  17489258 | 17489854 |  17494820 |
193 |  17483205 | 17550858 |  17555932 | 17559016 |  17566800 | 17567297 |  17571222 |
194 |  17557244 | 17609586 |  17615460 | 17621816 |  17626651 | 17627310 |  17630651 |
195 |  17621212 | 17686582 |  17691851 | 17695815 |  17701257 | 17701818 |  17705481 |
196 |  17694171 | 17765292 |  17774848 | 17781856 |  17790213 | 17790916 |  17797743 |
197 |  17781302 | 17847385 |  17855323 | 17862368 |  17867436 | 17868182 |  17872339 |
198 |  17861913 | 17933192 |  17945190 | 17958409 |  17965513 | 17966376 |  17972294 |
199 |  17957330 | 18024568 |  18034747 | 18041553 |  18048228 | 18049142 |  18055081 |
200 |  18041045 | 18105962 |  18110707 | 18113468 |  18117922 | 18121568 |  18128796 |
201 |  18112613 | 18184302 |  18189427 | 18192385 |  18196998 | 18197492 |  18201281 |
202 |  18202042 | 18249497 |  18258839 | 18266298 |  18270973 | 18271693 |  18275740 |
203 |  18265769 | 18330769 |  18342875 | 18349227 |  18355519 | 18356229 |  18362166 |
204 |  18348753 | 18414473 |  18420742 | 18422665 |  18432351 | 18438605 |  18442671 |
205 |  18421903 | 18490380 |  18498276 | 18503560 |  18509616 | 18515623 |  18521919 |
206 |  18498854 | 18580369 |  18589803 | 18593406 |  18601358 | 18601870 |  18608219 |
207 |  18608884 | 18646306 |  18656217 | 18659859 |  18665357 | 18665855 |  18670839 |
208 |  18671474 | 18711691 |  18721905 | 18730801 |  18738931 | 18739798 |  18749848 |
209 |  18730177 | 18795158 |  18808529 | 18815362 |  18822045 | 18822731 |  18829143 |
210 |  18814930 | 18879977 |  18890649 | 18896724 |  18902220 | 18902996 |  18907804 |
211 |  18896299 | 18962264 |  18973215 | 18979236 |  18985773 | 18986519 |  18992456 |
212 |  18978835 | 19044286 |  19053347 | 19059954 |  19064688 | 19065484 |  19069686 |
213 |  19059505 | 19125500 |  19130510 | 19133561 |  19140160 | 19146254 |  19149872 |
214 |  19132761 | 19203574 |  19216707 | 19220335 |  19226023 | 19226527 |  19231835 |
215 |  19232848 | 19290597 |  19298986 | 19305579 |  19310344 | 19311000 |  19317358 |
216 |  19305131 | 19370183 |  19379281 | 19382546 |  19389305 | 19389792 |  19393964 |
217 |  19394970 | 19453671 |  19461156 | 19469024 |  19475977 | 19476695 |  19482225 |
218 |  19468306 | 19533773 |  19538232 | 19541749 |  19548182 | 19549409 |  19555942 |
219 |  19540069 | 19571596 |  19577920 | 19578470 |  19583296 | 19633054 |  19642618 |
220 |  19583788 | 19632968 |  19647257 | 19716213 |  19749068 | 19756792 |  19763439 |
221 |  19647869 | 19821699 |  19828530 | 19831100 |  19834884 | 19835338 |  19839043 |
222 |  19839887 | 19902984 |  19909725 | 19912560 |  19923011 | 19923635 |  19928462 |
223 |  19929517 | 19985310 |  19995660 | 20002653 |  20009029 | 20009704 |  20015857 |
224 |  20002086 | 20067911 |  20074464 | 20075992 |  20082732 | 20092877 |  20116841 |
225 |  20075301 | 20144698 |  20150207 | 20158081 |  20163388 | 20187895 |  20192606 |
226 |  20150689 | 20232925 |  20241136 | 20248058 |  20252313 | 20253147 |  20257005 |
227 |  20247505 | 20310664 |  20316268 | 20317186 |  20321618 | 20327644 |  20333119 |
228 |  20316752 | 20389735 |  20395390 | 20401315 |  20406667 | 20407172 |  20416942 |
229 |  20400723 | 20463725 |  20471813 | 20472540 |  20477297 | 20483483 |  20489093 |
230 |  20472184 | 20582223 |  20592570 | 20596746 |  20606882 | 20607618 |  20621472 |
231 |  20622982 | 20676636 |  20686305 | 20687236 |  20694890 | 20726140 |  20735433 |
232 |  20686794 | 20839798 |  20854715 | 20857851 |  20865942 | 20866930 |  20876372 |
233 |  20855485 | 20975184 |  20984304 | 20994456 |  21006868 | 21008252 |  21019644 |
234 |  20993417 | 21064433 |  21077179 | 21087056 |  21096430 | 21097877 |  21104998 |
235 |  21086426 | 21156524 |  21163980 | 21168337 |  21175203 | 21175928 |  21182477 |
236 |  21183820 | 21191451 |  21197050 | 21259935 |  21268829 | 21275916 |  21287898 |
237 |  21197561 | 21342060 |  21354223 | 21357193 |  21363955 | 21364484 |  21375547 |
238 |  21376431 | 21433747 |  21443715 | 21447700 |  21455388 | 21455893 |  21461749 |
239 |  21462556 | 21470449 |  21479545 | 21534421 |  21542686 | 21545523 |  21552737 |
240 |  21480418 | 21618835 |  21623933 | 21633667 |  21641620 | 21644426 |  21651016 |
241 |  21632809 | 21805216 |  21813042 | 21822297 |  21831250 | 21832326 |  21837488 |
242 |  21821433 | 21884265 |  21890088 | 21890825 |  21895947 | 21979334 |  21994607 |
243 |  21890450 | 22037313 |  22050157 | 22065500 |  22071226 | 22072289 |  22077354 |
244 |  22064959 | 22129160 |  22143052 | 22144203 |  22155798 | 22170457 |  22189617 |
245 |  22143678 | 22230945 |  22237414 | 22246660 |  22256505 | 22257721 |  22265862 |
246 |  22245547 | 22306900 |  22314967 | 22315809 |  22322015 | 22343164 |  22357335 |
247 |  22315440 | 22404340 |  22417117 | 22510124 |  22519632 | 22533016 |  22542597 |
248 |  22499343 | 22500080 |  22509463 | 22597352 |  22604802 | 22614545 |  22656133 |
249 |  22499717 | 22678758 |  22687414 | 22697205 |  22710046 | 22710753 |  22716773 |
250 |  22696546 | 22758748 |  22767185 | 22767855 |  22775887 | 22785248 |  22792417 |
251 |  22767512 | 22849735 |  22859860 | 22870475 |  22882730 | 22884102 |  22900547 |
252 |  22869204 | 22918204 |  22924884 | 22925793 |  22931243 | 22938516 |  22948152 |
253 |  22925344 | 23000155 |  23008038 | 23011359 |  23017940 | 23018473 |  23026991 |
254 |  23027928 | 23085084 |  23091657 | 23092289 |  23097352 | 23100087 |  23105144 |
255 |  23091959 | 23171577 |  23179015 | 23179694 |  23184406 | 23187330 |  23191925 |
256 |  23179292 | 23258364 |  23263168 | 23265841 |  23269738 | 23270115 |  23274239 |
257 |  23280546 | 23337994 |  23342473 | 23345305 |  23349123 | 23349496 |  23353104 |
258 |  23353772 | 23415988 |  23421234 | 23423872 |  23428310 | 23428715 |  23434792 |
259 |  23435541 | 23495661 |  23503455 | 23506232 |  23511400 | 23511798 |  23517127 |
260 |  23517811 | 23578998 |  23585914 | 23588581 |  23594490 | 23594844 |  23600513 |
261 |  23601181 | 23661276 |  23668471 | 23671236 |  23676987 | 23677320 |  23683290 |
262 |  23684020 | 23742329 |  23749760 | 23752594 |  23757924 | 23758403 |  23763507 |
263 |  23764219 | 23824144 |  23829238 | 23831874 |  23836140 | 23836489 |  23840730 |
264 |  23841403 | 23904037 |  23907891 | 23910602 |  23915129 | 23915890 |  23919015 |
265 |  23919735 | 23983060 |  23989634 | 23992661 |  23997946 | 23998346 |  24005399 |
266 |  24006182 | 24065061 |  24071417 | 24074022 |  24079304 | 24079662 |  24084895 |
267 |  24085592 | 24162155 |  24169467 | 24174133 |  24181047 | 24181638 |  24188535 |
268 |  24190045 | 24252936 |  24264217 | 24266855 |  24276034 | 24280088 |  24290889 |
269 |  24264853 | 24352941 |  24360346 | 24369723 |  24377674 | 24378658 |  24385933 |
270 |  24369055 | 24433186 |  24439690 | 24445367 |  24451820 | 24459224 |  24464814 |
271 |  24444731 | 24509818 |  24516792 | 24523979 |  24534833 | 24535877 |  24548182 |
272 |  24523324 | 24586783 |  24597148 | 24600671 |  24611368 | 24619006 |  24625117 |
273 |  24597660 | 24690892 |  24710387 | 24718862 |  24725446 | 24728863 |  24734575 |
274 |  24718183 | 24789597 |  24799320 | 24806995 |  24812783 | 24813503 |  24821339 |
275 |  24806426 | 24906872 |  24923482 | 24931606 |  24939216 | 24939940 |  24946750 |
276 |  24931049 | 25001921 |  25012347 | 25022302 |  25031135 | 25032142 |  25040521 |
277 |  25021643 | 25091036 |  25103580 | 25108578 |  25119227 | 25120113 |  25128929 |
278 |  25153922 | 25169890 |  25181787 | 25189711 |  25197553 | 25198193 |  25203859 |
279 |  25189075 | 25254805 |  25265532 | 25271726 |  25277570 | 25278162 |  25285117 |
280 |  25271184 | 25337063 |  25341292 | 25343901 |  25351370 | 25355534 |  25362081 |
281 |  25341652 | 25417051 |  25422648 | 25432119 |  25435631 | 25436130 |  25439431 |
282 |  25431683 | 25495790 |  25504694 | 25509333 |  25515162 | 25515681 |  25522008 |
283 |  25522699 | 25580608 |  25604020 | 25605060 |  25618020 | 25628104 |  25636308 |
284 |  25603889 | 25670793 |  25679199 | 25691409 |  25696937 | 25723906 |  25732153 |
285 |  25679546 | 25765031 |  25770255 | 25777131 |  25783823 | 25784375 |  25789347 |
286 |  25776406 | 25840905 |  25845770 | 25849561 |  25864090 | 25872634 |  25877084 |
287 |  25846086 | 25942876 |  25955761 | 25960412 |  25974002 | 25974791 |  25985603 |
288 |  25987283 | 26013976 |  26020628 | 26023276 |  26031842 | 26032403 |  26037068 |
289 |  26037992 | 26098242 |  26110035 | 26119612 |  26131069 | 26132025 |  26139422 |
290 |  26118913 | 26187730 |  26200551 | 26205867 |  26213997 | 26214969 |  26227373 |
291 |  26229012 | 26263935 |  26268721 | 26269800 |  26273172 | 26280862 |  26290655 |
292 |  26269357 | 26352513 |  26362356 | 26366480 |  26375621 | 26377609 |  26383560 |
293 |  26384145 | 26385183 |  26391090 | 26449688 |  26462666 | 26469779 |  26473955 |
294 |  26384736 | 26535545 |  26542084 | 26544526 |  26552543 | 26553338 |  26557384 |
295 |  26558295 | 26615908 |  26623657 | 26626946 |  26630724 | 26631403 |  26635010 |
296 |  26635975 | 26697078 |  26705300 | 26712173 |  26717679 | 26718311 |  26722801 |
297 |  26711707 | 26776704 |  26788110 | 26791096 |  26797219 | 26797679 |  26803162 |
298 |  26804144 | 26863489 |  26872652 | 26881431 |  26887178 | 26887836 |  26892461 |
299 |  26880915 | 26957846 |  26966822 | 26973293 |  26980767 | 26981535 |  26990182 |
300 |  26972878 | 27038222 |  27045955 | 27051926 |  27059194 | 27060030 |  27067747 |
301 |  27051498 | 27116438 |  27121063 | 27123617 |  27128022 | 27130285 |  27136956 |
302 |  27122817 | 27191287 |  27198475 | 27200454 |  27211027 | 27219661 |  27226587 |
303 |  27198901 | 27282508 |  27290602 | 27298445 |  27304505 | 27305260 |  27308564 |
304 |  27297832 | 27362695 |  27373994 | 27380201 |  27388011 | 27388727 |  27394535 |
305 |  27379765 | 27444794 |  27456781 | 27462970 |  27469354 | 27470064 |  27477339 |
306 |  27462486 | 27528305 |  27534572 | 27536465 |  27543948 | 27549796 |  27554091 |
307 |  27535735 | 27606311 |  27617549 | 27624414 |  27628906 | 27629681 |  27633657 |
308 |  27623947 | 27689299 |  27699711 | 27706203 |  27716190 | 27717041 |  27721760 |
309 |  27705633 | 27771252 |  27780339 | 27787300 |  27797019 | 27797821 |  27802644 |
310 |  27786825 | 27862090 |  27870012 | 27876765 |  27881013 | 27881807 |  27887521 |
311 |  27876271 | 27943538 |  27954782 | 27961951 |  27969313 | 27970220 |  27978551 |
312 |  27961506 | 28062620 |  28081819 | 28092603 |  28106697 | 28109316 |  28122783 |
313 |  28091497 | 28162518 |  28173510 | 28182924 |  28188642 | 28189550 |  28194499 |
314 |  28182198 | 28227240 |  28243536 | 28257922 |  28264085 | 28272537 |  28280335 |
315 |  28230292 | 28309020 |  28320994 | 28339527 |  28345993 | 28353511 |  28360498 |
316 |  28321482 | 28421797 |  28429641 | 28435701 |  28453136 | 28453867 |  28459551 |
317 |  28435081 | 28506941 |  28519082 | 28526206 |  28534697 | 28535509 |  28539837 |
318 |  28525753 | 28664495 |  28672486 | 28690753 |  28706163 | 28737162 |  28744433 |
319 |  28688573 | 28748890 |  28756541 | 28822745 |  28829985 | 28880489 |  28887357 |
320 |  28758163 | 28900613 |  28908557 | 28966787 |  28980842 | 28988358 |  28995942 |
321 |  28909005 | 29055691 |  29064765 | 29072017 |  29079376 | 29080135 |  29086164 |
322 |  29071311 | 29137862 |  29146026 | 29153554 |  29163139 | 29163886 |  29167535 |
323 |  29152939 | 29219095 |  29235642 | 29240022 |  29244658 | 29245140 |  29254819 |
324 |  29256175 | 29350869 |  29369619 | 29377841 |  29387647 | 29388567 |  29396316 |
325 |  29377327 | 29444201 |  29454332 | 29463571 |  29468852 | 29469462 |  29474132 |
326 |  29462319 | 29527624 |  29535112 | 29538354 |  29547615 | 29548176 |  29564252 |
327 |  29569891 | 29616850 |  29626297 | 29633394 |  29649299 | 29650617 |  29656165 |
328 |  29632498 | 29698909 |  29703510 | 29708750 |  29712457 | 29712940 |  29721149 |
329 |  29705394 | 29775320 |  29793187 | 29797006 |  29809080 | 29809770 |  29819191 |
330 |  29820500 | 29848990 |  29863068 | 29866609 |  29876703 | 29877341 |  29895223 |
331 |  29850695 | 29945176 |  29959304 | 29962993 |  29973697 | 29974280 |  29984345 |
332 |  29985357 | 30035506 |  30044723 | 30048562 |  30266653 | 30278704 |  30308761 |
333 |  30094157 | 30143167 |  30322027 | 30341589 |  30356129 | 30400458 |  30420832 |
334 |  30211488 | 30531783 |  30541277 | 30545233 |  30555323 | 30556085 |  30567343 |
335 |  30568744 | 30569915 |  30577605 | 30654998 |  30673812 | 30684721 |  30696463 |
336 |  30577879 | 30747887 |  30758611 | 30765656 |  30772352 | 30773230 |  30779151 |
337 |  30764909 | 30831208 |  30836332 | 30839748 |  30846981 | 30850099 |  30853570 |
338 |  30838949 | 30908749 |  30915255 | 30916420 |  30926233 | 30933019 |  30939359 |
339 |  30915685 | 30997936 |  31003455 | 31006115 |  31010479 | 31010992 |  31015210 |
340 |  31016171 | 31077437 |  31085601 | 31090529 |  31097151 | 31097871 |  31102171 |
341 |  31086823 | 31147280 |  31151433 | 31153945 |  31158384 | 31161706 |  31168475 |
342 |  31153118 | 31224157 |  31231431 | 31237802 |  31244751 | 31245486 |  31254531 |
343 |  31237355 | 31303543 |  31311296 | 31314233 |  31319560 | 31320105 |  31326765 |
344 |  31328424 | 31369932 |  31380469 | 31387192 |  31396834 | 31397697 |  31405722 |
345 |  31386653 | 31458277 |  31466068 | 31472660 |  31480700 | 31481575 |  31485126 |
346 |  31472182 | 31535163 |  31540872 | 31541902 |  31549772 | 31556828 |  31562127 |
347 |  31541440 | 31624850 |  31632312 | 31638674 |  31645174 | 31646000 |  31652198 |
348 |  31638163 | 31707993 |  31714386 | 31717290 |  31720682 | 31721193 |  31724322 |
349 |  31725343 | 31773482 |  31784416 | 31791175 |  31796954 | 31797668 |  31802502 |
350 |  31790660 | 31855685 |  31866495 | 31872803 |  31883051 | 31884008 |  31889549 |
351 |  31872358 | 31940156 |  31949836 | 31956594 |  31964429 | 31965216 |  31970874 |
352 |  31956171 | 32023174 |  32033280 | 32039615 |  32044905 | 32045654 |  32050136 |
353 |  32039075 | 32106624 |  32111132 | 32112089 |  32115927 | 32119059 |  32122676 |
354 |  32111834 | 32181128 |  32191500 | 32197977 |  32203411 | 32204153 |  32210187 |
355 |  32197372 | 32264872 |  32270232 | 32274756 |  32282825 | 32283413 |  32287090 |
356 |  32273355 | 32351743 |  32363383 | 32370138 |  32376749 | 32377419 |  32383290 |
357 |  32369667 | 32434904 |  32446431 | 32449406 |  32455258 | 32455722 |  32461700 |
358 |  32462695 | 32520568 |  32527564 | 32534369 |  32543419 | 32544088 |  32549042 |
359 |  32533673 | 32613644 |  32620912 | 32628004 |  32633954 | 32634554 |  32639604 |
360 |  32627204 | 32692236 |  32698635 | 32701530 |  32710775 | 32711301 |  32716926 |
361 |  32718300 | 32774013 |  32781314 | 32788307 |  32792987 | 32793696 |  32799427 |
362 |  32787683 | 32853097 |  32857531 | 32861395 |  32868389 | 32869091 |  32874424 |
363 |  32859461 | 32931832 |  32940038 | 32947202 |  32953442 | 32954221 |  32959125 |
364 |  32946522 | 33006826 |  33015244 | 33018782 |  33024938 | 33025469 |  33030772 |
365 |  33031713 | 33096496 |  33107264 | 33114074 |  33120278 | 33120894 |  33125633 |
366 |  33113657 | 33178991 |  33189574 | 33192712 |  33198452 | 33198998 |  33203211 |
367 |  33204232 | 33263257 |  33270130 | 33276857 |  33282965 | 33283607 |  33288719 |
368 |  33276224 | 33341680 |  33348669 | 33351378 |  33360927 | 33361543 |  33366529 |
369 |  33367327 | 33426035 |  33433367 | 33440969 |  33446138 | 33447007 |  33451293 |
370 |  33440212 | 33504687 |  33513989 | 33517307 |  33522696 | 33523193 |  33528727 |
371 |  33529644 | 33597074 |  33607138 | 33615743 |  33620915 | 33621549 |  33627548 |
372 |  33615236 | 33681845 |  33691882 | 33694787 |  33704657 | 33705139 |  33713168 |
373 |  33714150 | 33775082 |  33782227 | 33789059 |  33795416 | 33796156 |  33801103 |
374 |  33788527 | 33853713 |  33862988 | 33865883 |  33870094 | 33870549 |  33874824 |
375 |  33875799 | 33937545 |  33943933 | 33950460 |  33955971 | 33956648 |  33961246 |
376 |  33949785 | 34015589 |  34023823 | 34026403 |  34036981 | 34037521 |  34045927 |
377 |  34046636 | 34098700 |  34107215 | 34113868 |  34118342 | 34119105 |  34122641 |
378 |  34113201 | 34178725 |  34187675 | 34190999 |  34196090 | 34196581 |  34201781 |
379 |  34202709 | 34261572 |  34269758 | 34276336 |  34283849 | 34284534 |  34290389 |
380 |  34275641 | 34341078 |  34346002 | 34348444 |  34357492 | 34358056 |  34361814 |
381 |  34347262 | 34420560 |  34429166 | 34435776 |  34440330 | 34441033 |  34444714 |
382 |  34435158 | 34500727 |  34505721 | 34506533 |  34510689 | 34511192 |  34518637 |
383 |  34507036 | 34585092 |  34599691 | 34602487 |  34612314 | 34618475 |  34624854 |
384 |  34601763 | 34671999 |  34681287 | 34683005 |  34690843 | 34697264 |  34703866 |
385 |  34682174 | 34765687 |  34772279 | 34779177 |  34783611 | 34784470 |  34787960 |
386 |  34778377 | 34844822 |  34854708 | 34861332 |  34866747 | 34867438 |  34872479 |
387 |  34860667 | 34927953 |  34933869 | 34937772 |  34946358 | 34952520 |  34956829 |
388 |  34936700 | 35008202 |  35017053 | 35017930 |  35025258 | 35031606 |  35036719 |
389 |  35017680 | 35098771 |  35107246 | 35113619 |  35119886 | 35120638 |  35124069 |
390 |  35113055 | 35180231 |  35188346 | 35194853 |  35199040 | 35199794 |  35203482 |
391 |  35194279 | 35261798 |  35269138 | 35271219 |  35279231 | 35285033 |  35292142 |
392 |  35270341 | 35343028 |  35354788 | 35361034 |  35367542 | 35368275 |  35373998 |
393 |  35360560 | 35428155 |  35435359 | 35441862 |  35445664 | 35446359 |  35451143 |
394 |  35441337 | 35508959 |  35516384 | 35518258 |  35527094 | 35532899 |  35538294 |
395 |  35517430 | 35590081 |  35598189 | 35605055 |  35609281 | 35609993 |  35613628 |
396 |  35604561 | 35671874 |  35683793 | 35689888 |  35697118 | 35697826 |  35704039 |
397 |  35689449 | 35752603 |  35758895 | 35759860 |  35765679 | 35771751 |  35777967 |
398 |  35759400 | 35845316 |  35856254 | 35865169 |  35871590 | 35872622 |  35878586 |
399 |  35864282 | 36072928 |  36080416 | 36083375 |  36089428 | 36096376 |  36104512 |
400 |  36082385 | 36157028 |  36165781 | 36172147 |  36179245 | 36179966 |  36187919 |
401 |  36171482 | 36241500 |  36248886 | 36255184 |  36260077 | 36260707 |  36264824 |
402 |  36254569 | 36324754 |  36331782 | 36337712 |  36344402 | 36344931 |  36350242 |
403 |  36337122 | 36406261 |  36414676 | 36420753 |  36428078 | 36428625 |  36434628 |
404 |  36420169 | 36490298 |  36495707 | 36501692 |  36506198 | 36506736 |  36510901 |
405 |  36501059 | 36569765 |  36584968 | 36593088 |  36601277 | 36602083 |  36608521 |
406 |  36592658 | 36661612 |  36669413 | 36675887 |  36682872 | 36683605 |  36689419 |
407 |  36675389 | 36745530 |  36753965 | 36759980 |  36768842 | 36769526 |  36777088 |
408 |  36759590 | 36828363 |  36840366 | 36851450 |  36864358 | 36865524 |  36875463 |
409 |  36850651 | 36916484 |  36921781 | 36923029 |  36928860 | 36942449 |  36946681 |
410 |  36922388 | 37005436 |  37010095 | 37021616 |  37025913 | 37026718 |  37030232 |
411 |  37020680 | 37084888 |  37091047 | 37095156 |  37102183 | 37108583 |  37112936 |
412 |  37093924 | 37163333 |  37177790 | 37184657 |  37194610 | 37195341 |  37201372 |
413 |  37184151 | 37251425 |  37262562 | 37268852 |  37276603 | 37277397 |  37282887 |
414 |  37268347 | 37339481 |  37347443 | 37354416 |  37360533 | 37361380 |  37368831 |
415 |  37353950 | 37442174 |  37451254 | 37452479 |  37461995 | 37521677 |  37530353 |
416 |  37451963 | 37723006 |  37734406 | 37745964 |  37755899 | 37764092 |  37819036 |
417 |  37744945 | 37809476 |  37820865 | 37834759 |  37841330 | 37894200 |  37902720 |
418 |  37834027 | 37870300 |  37880272 | 37974063 |  37979441 | 37986682 |  37995992 |
419 |  37881072 | 38047731 |  38055989 | 38063309 |  38079749 | 38080713 |  38097928 |
420 |  38062741 | 38127755 |  38134152 | 38134991 |  38140140 | 38147401 |  38157654 |
421 |  38134497 | 38206920 |  38245008 | 38257765 |  38265551 | 38266561 |  38272484 |
422 |  38256842 | 38318691 |  38324921 | 38325666 |  38330733 | 38337609 |  38343161 |
423 |  38325299 | 38399488 |  38404280 | 38410273 |  38414739 | 38415262 |  38419188 |
424 |  38409699 | 38472125 |  38479452 | 38480092 |  38487721 | 38493836 |  38502674 |
425 |  38479765 | 38556146 |  38567091 | 38577167 |  38597514 | 38599043 |  38609166 |
426 |  38576106 | 38638304 |  38645164 | 38645977 |  38651602 | 38659705 |  38670260 |
427 |  38645530 | 38722660 |  38730504 | 38738423 |  38748929 | 38749848 |  38759624 |
428 |  38737643 | 38803926 |  38812577 | 38813685 |  38818945 | 38831350 |  38836154 |
429 |  38813104 | 38899244 |  38910507 | 38922071 |  38943506 | 38949608 |  38960510 |
430 |  38923825 | 38937809 |  38947172 | 39020437 |  39026496 | 39036066 |  39044202 |
431 |  38947861 | 39109121 |  39120724 | 39126033 |  39135049 | 39135916 |  39145577 |
432 |  39147092 | 39196650 |  39206469 | 39218031 |  39223676 | 39224378 |  39230187 |
433 |  39231559 | 39286905 |  39297750 | 39302548 |  39312502 | 39313266 |  39326761 |
434 |  39328127 | 39371479 |  39380263 | 39384859 |  39392205 | 39392855 |  39399647 |
435 |  39400821 | 39454588 |  39465901 | 39471093 |  39482924 | 39483736 |  39497003 |
436 |  39498546 | 39540521 |  39573869 | 39578702 |  39586534 | 39587299 |  39596233 |
437 |  39597329 | 39648693 |  39656678 | 39661216 |  39668213 | 39668818 |  39675412 |
438 |  39676802 | 39729345 |  39736661 | 39740991 |  39748027 | 39748573 |  39754329 |
439 |  39755400 | 39810012 |  39828769 | 39833419 |  39847604 | 39848337 |  39860600 |
440 |  39862388 | 39902184 |  39913930 | 39917918 |  39928257 | 39928911 |  39939116 |
441 |  39940447 | 39987138 |  39996477 | 40000569 |  40012187 | 40012816 |  40021033 |
442 |  40022081 | 40069614 |  40083380 | 40145810 |  40157848 | 40162413 |  40176947 |
443 |  40130755 | 40131557 |  40140929 | 40239029 |  40248393 | 40257882 |  40263749 |
444 |  40131140 | 40323958 |  40346997 | 40354624 |  40359821 | 40360585 |  40365052 |
445 |  40354027 | 40418627 |  40426008 | 40434713 |  40445248 | 40446042 |  40453875 |
446 |  40433717 | 40498285 |  40503202 | 40503973 |  40507916 | 40508381 |  40512336 |
447 |  40504963 | 40577708 |  40589466 | 40596963 |  40604104 | 40604887 |  40611577 |
448 |  40596466 | 40663248 |  40677279 | 40685250 |  40694050 | 40695160 |  40702136 |
449 |  40684335 | 40752132 |  40761187 | 40765343 |  40784363 | 40788103 |  40798381 |
450 |  40765158 | 40785427 |  40794333 | 40863325 |  40868746 | 40871781 |  40880043 |
451 |  40794889 | 40944414 |  40955541 | 40963989 |  40971659 | 40972462 |  40978831 |
452 |  40963327 | 41029172 |  41037232 | 41044052 |  41048347 | 41049178 |  41052695 |
453 |  41043557 | 41109857 |  41123677 | 41130247 |  41139716 | 41140409 |  41146535 |
454 |  41129834 | 41194474 |  41199373 | 41200458 |  41203966 | 41211788 |  41216642 |
455 |  41199858 | 41282176 |  41289679 | 41293395 |  41299055 | 41299816 |  41308220 |
456 |  41309350 | 41368044 |  41376908 | 41379903 |  41390160 | 41390771 |  41397261 |
457 |  41398389 | 41452915 |  41464447 | 41472167 |  41480296 | 41481001 |  41485849 |
458 |  41471472 | 41514457 |  41523637 | 41533286 |  41562487 | 41563191 |  41575863 |
459 |  41532616 | 41611953 |  41617967 | 41620352 |  41629884 | 41636896 |  41641545 |
460 |  41619359 | 41690354 |  41698713 | 41700421 |  41707344 | 41714178 |  41721176 |
461 |  41699521 | 41779202 |  41785781 | 41792317 |  41798113 | 41799024 |  41811311 |
462 |  41791648 | 41857954 |  41863350 | 41865550 |  41871040 | 41877516 |  41889969 |
463 |  41864784 | 41947747 |  41960342 | 41968818 |  41978994 | 41979960 |  41988082 |
464 |  41968198 | 42034383 |  42046822 | 42054426 |  42067896 | 42068899 |  42077836 |
465 |  42053727 | 42123921 |  42131617 | 42141196 |  42147750 | 42148573 |  42154334 |
466 |  42140247 | 42170950 |  42176046 | 42176836 |  42181375 | 42187961 |  42192515 |
467 |  42176403 | 42248263 |  42252597 | 42260404 |  42273313 | 42274524 |  42278298 |
468 |  42259957 | 42328425 |  42334852 | 42335587 |  42339911 | 42349127 |  42354113 |
469 |  42335183 | 42402822 |  42408509 | 42415532 |  42423331 | 42424129 |  42429617 |
470 |  42414827 | 42484708 |  42489867 | 42490932 |  42494589 | 42503464 |  42508035 |
471 |  42490449 | 42560020 |  42658549 | 42753542 |  42760306 | 42772906 |  42786130 |
472 |  42740099 | 42741642 |  42752737 | 42818460 |  42830159 | 42838295 |  42843945 |
473 |  42741214 | 42897169 |  42905286 | 42912719 |  42918256 | 42919082 |  42924691 |
474 |  42912043 | 42977442 |  42989058 | 42998227 |  43005549 | 43006296 |  43013143 |
475 |  42997794 | 43057517 |  43066644 | 43069750 |  43076373 | 43076901 |  43082875 |
476 |  43084002 | 43130497 |  43139085 | 43147116 |  43151630 | 43152631 |  43156379 |
477 |  43146519 | 43212097 |  43223253 | 43230060 |  43235752 | 43236552 |  43244655 |
478 |  43229523 | 43295583 |  43305350 | 43312320 |  43317968 | 43318788 |  43323835 |
479 |  43311867 | 43421244 |  43430943 | 43433254 |  43440415 | 43448227 |  43453948 |
480 |  43432215 | 43503091 |  43512875 | 43520908 |  43530459 | 43531205 |  43539018 |
481 |  43520360 | 43591241 |  43602493 | 43610653 |  43627436 | 43628497 |  43639387 |
482 |  43610104 | 43682845 |  43693982 | 43702446 |  43708992 | 43709922 |  43715757 |
483 |  43701985 | 43767619 |  43779094 | 43785215 |  43791337 | 43792076 |  43797920 |
484 |  43784758 | 43850078 |  43859956 | 43862854 |  43867748 | 43868227 |  43872658 |
485 |  43873693 | 43934151 |  43942819 | 43949482 |  43954522 | 43955148 |  43959306 |
486 |  43949062 | 44014977 |  44024396 | 44027644 |  44032599 | 44033121 |  44036400 |
487 |  44037396 | 44097426 |  44107031 | 44118056 |  44124059 | 44124780 |  44130345 |
488 |  44117624 | 44184847 |  44195468 | 44198394 |  44204386 | 44204863 |  44209928 |
489 |  44210973 | 44270130 |  44275986 | 44282491 |  44289224 | 44289919 |  44296106 |
490 |  44281974 | 44330515 |  44338271 | 44344982 |  44348670 | 44349358 |  44352683 |
491 |  44344601 | 44411044 |  44421540 | 44428005 |  44434776 | 44435528 |  44441729 |
492 |  44427601 | 44495288 |  44506776 | 44513014 |  44519659 | 44520399 |  44526115 |
493 |  44512522 | 44577974 |  44584073 | 44587951 |  44597868 | 44604471 |  44611768 |
494 |  44587178 | 44656308 |  44661518 | 44668597 |  44673265 | 44679370 |  44684483 |
495 |  44662131 | 44743843 |  44751255 | 44757226 |  44763534 | 44764123 |  44785841 |
496 |  44756682 | 44823498 |  44831289 | 44838358 |  44843424 | 44844158 |  44850337 |
497 |  44837885 | 44903467 |  44914460 | 44917522 |  44922256 | 44922761 |  44927102 |
498 |  44928184 | 44988244 |  44995481 | 45001610 |  45005421 | 45006052 |  45014570 |
499 |  45001188 | 45066831 |  45078508 | 45081629 |  45087851 | 45088315 |  45094797 |
500 |  45095890 | 45152695 |  45160298 | 45167141 |  45171452 | 45172096 |  45176063 |
501 |  45166728 | 45229656 |  45234464 | 45235299 |  45240340 | 45248241 |  45254793 |
502 |  45234832 | 45318218 |  45326381 | 45329531 |  45334194 | 45334687 |  45339241 |
503 |  45339985 | 45389312 |  45395496 | 45400035 |  45409972 | 45418964 |  45425239 |
504 |  45399045 | 45464586 |  45469546 | 45472987 |  45477432 | 45484372 |  45491214 |
505 |  45469961 | 45554378 |  45561085 | 45563855 |  45570108 | 45570648 |  45575019 |
506 |  45575895 | 45611486 |  45621886 | 45629018 |  45635814 | 45636487 |  45642489 |
507 |  45628332 | 45695811 |  45704641 | 45710924 |  45715786 | 45716323 |  45722080 |
508 |  45710404 | 45777922 |  45785664 | 45793087 |  45801202 | 45802002 |  45808259 |
509 |  45792570 | 45859902 |  45868472 | 45875021 |  45879441 | 45880157 |  45895347 |
510 |  45874489 | 45943007 |  45952468 | 45959499 |  45966115 | 45966803 |  45972849 |
511 |  45959057 | 46026535 |  46040075 | 46046509 |  46053258 | 46053924 |  46060040 |
512 |  46046006 | 46113486 |  46124486 | 46131173 |  46138092 | 46138809 |  46145458 |
513 |  46130696 | 46198549 |  46207976 | 46214688 |  46219460 | 46220194 |  46224271 |
514 |  46214167 | 46281895 |  46286320 | 46287636 |  46291408 | 46294425 |  46298006 |
515 |  46286842 | 46356677 |  46364670 | 46371602 |  46375829 | 46376537 |  46381872 |
516 |  46370948 | 46481974 |  46493308 | 46496716 |  46505529 | 46506063 |  46511148 |
517 |  46512019 | 46555040 |  46579806 | 46587776 |  46594546 | 46600292 |  46607572 |
518 |  46587350 | 46625962 |  46637126 | 46663306 |  46669793 | 46676692 |  46683252 |
519 |  46637638 | 46744105 |  46749904 | 46756080 |  46761174 | 46761984 |  46766155 |
520 |  46755481 | 46824648 |  46835620 | 46842056 |  46848786 | 46849485 |  46856123 |
521 |  46841561 | 46910763 |  46919139 | 46925246 |  46931756 | 46932507 |  46938322 |
522 |  46924832 | 46994615 |  47002274 | 47008471 |  47014722 | 47015457 |  47021422 |
523 |  47007974 | 47077945 |  47086211 | 47092376 |  47100037 | 47100778 |  47107042 |
524 |  47091931 | 47161473 |  47168073 | 47174329 |  47178413 | 47179119 |  47182611 |
525 |  47173856 | 47242846 |  47252101 | 47258241 |  47265324 | 47266048 |  47272455 |
526 |  47257803 | 47327672 |  47337252 | 47343782 |  47352604 | 47353369 |  47359768 |
527 |  47343323 | 47412214 |  47418327 | 47424539 |  47430169 | 47430884 |  47434411 |
528 |  47424089 | 47491378 |  47499607 | 47505709 |  47512700 | 47513530 |  47524050 |
529 |  47505245 | 47574651 |  47579625 | 47581655 |  47588818 | 47595209 |  47600149 |
530 |  47580824 | 47670541 |  47677112 | 47683378 |  47689346 | 47689944 |  47694984 |
531 |  47682914 | 47751909 |  47756457 | 47758240 |  47765201 | 47771116 |  47775690 |
532 |  47757403 | 47830452 |  47837761 | 47843896 |  47851494 | 47852129 |  47858628 |
533 |  47843390 | 47913494 |  47922758 | 47928822 |  47937029 | 47937766 |  47943844 |
534 |  47928371 | 47998799 |  48005024 | 48011396 |  48016596 | 48017292 |  48021972 |
535 |  48010981 | 48081119 |  48087760 | 48094006 |  48099188 | 48099961 |  48104580 |
536 |  48093563 | 48163450 |  48170795 | 48177470 |  48182531 | 48183275 |  48188086 |
537 |  48177050 | 48246937 |  48253933 | 48259958 |  48265606 | 48266355 |  48271658 |
538 |  48259496 | 48330863 |  48341760 | 48354222 |  48360841 | 48361745 |  48366861 |
539 |  48353429 | 48446405 |  48451876 | 48454775 |  48464343 | 48471574 |  48475793 |
540 |  48452328 | 48536796 |  48546318 | 48553414 |  48559412 | 48560254 |  48563503 |
541 |  48552826 | 48617740 |  48624149 | 48626192 |  48634027 | 48640146 |  48644271 |
542 |  48625364 | 48699685 |  48712003 | 48719230 |  48725751 | 48726356 |  48732243 |
543 |  48718760 | 48784173 |  48789944 | 48791927 |  48801596 | 48807642 |  48815877 |
544 |  48791087 | 48860578 |  48868112 | 48874241 |  48881450 | 48882080 |  48889783 |
545 |  48873757 | 48938595 |  48945947 | 48952118 |  48959034 | 48959749 |  48965643 |
546 |  48951638 | 49016398 |  49022934 | 49029081 |  49035268 | 49035987 |  49041389 |
547 |  49028671 | 49093360 |  49100947 | 49106829 |  49114492 | 49115239 |  49121484 |
548 |  49106433 | 49171319 |  49177631 | 49183845 |  49189539 | 49190213 |  49195418 |
549 |  49183425 | 49247960 |  49255609 | 49261488 |  49266968 | 49267671 |  49272157 |
550 |  49261096 | 49326017 |  49332551 | 49338628 |  49343218 | 49343960 |  49348013 |
551 |  49338219 | 49403156 |  49407159 | 49410208 |  49414300 | 49415678 |  49419537 |
552 |  49409444 | 49479176 |  49489011 | 49495190 |  49502366 | 49503005 |  49514028 |
553 |  49494762 | 49559728 |  49566371 | 49572966 |  49581840 | 49582376 |  49587763 |
554 |  49572261 | 49606503 |  49620120 | 49630256 |  49635867 | 49636510 |  49641317 |
555 |  49629638 | 49699052 |  49706527 | 49714520 |  49718817 | 49719510 |  49723552 |
556 |  49714121 | 49777560 |  49784282 | 49787904 |  49794718 | 49802013 |  49806487 |
557 |  49784690 | 49867638 |  49873642 | 49879522 |  49885063 | 49885803 |  49890836 |
558 |  49879002 | 49944184 |  49949800 | 49951700 |  49960417 | 49964116 |  49971571 |
559 |  49950799 | 50021176 |  50025795 | 50028329 |  50035553 | 50036504 |  50040107 |
560 |  50041126 | 50099362 |  50109705 | 50113120 |  50118122 | 50118806 |  50123465 |
561 |  50124540 | 50183393 |  50189668 | 50195997 |  50200912 | 50201669 |  50205542 |
562 |  50195518 | 50260892 |  50265989 | 50268883 |  50278081 | 50278645 |  50282432 |
563 |  50267056 | 50340482 |  50350031 | 50356247 |  50362539 | 50363153 |  50375712 |
564 |  50355723 | 50428894 |  50436787 | 50440469 |  50444449 | 50444989 |  50448914 |
565 |  50449565 | 50509729 |  50521514 | 50528337 |  50535251 | 50535922 |  50543973 |
566 |  50527809 | 50582786 |  50589949 | 50596807 |  50600709 | 50601419 |  50604707 |
567 |  50596324 | 50659305 |  50666640 | 50673558 |  50677851 | 50678560 |  50682246 |
568 |  50673157 | 50738616 |  50749228 | 50755459 |  50760644 | 50761359 |  50766144 |
569 |  50754945 | 50818310 |  50826947 | 50834363 |  50842395 | 50843143 |  50848767 |
570 |  50833843 | 50899195 |  50905385 | 50907307 |  50914901 | 50921465 |  50925751 |
571 |  50906515 | 50977152 |  50982847 | 50988923 |  50994877 | 50995484 |  50998768 |
572 |  50988391 | 51054018 |  51066291 | 51072514 |  51081545 | 51082284 |  51088495 |
573 |  51072078 | 51137587 |  51145685 | 51152518 |  51158000 | 51158740 |  51163480 |
574 |  51152123 | 51217510 |  51226887 | 51233419 |  51240706 | 51241509 |  51248275 |
575 |  51233002 | 51298651 |  51307150 | 51313731 |  51318921 | 51319707 |  51324235 |
576 |  51313304 | 51378820 |  51387836 | 51394314 |  51400417 | 51401126 |  51406018 |
577 |  51393903 | 51460571 |  51466096 | 51468071 |  51473563 | 51484174 |  51489367 |
578 |  51467175 | 51536953 |  51544510 | 51546705 |  51558149 | 51565208 |  51572136 |
579 |  51544984 | 51631613 |  51641564 | 51648183 |  51655015 | 51655824 |  51661800 |
580 |  51647604 | 51716376 |  51723355 | 51729758 |  51736161 | 51736727 |  51742620 |
581 |  51729057 | 51798307 |  51806106 | 51812406 |  51817626 | 51818181 |  51822497 |
582 |  51811738 | 51876234 |  51883022 | 51885108 |  51891156 | 51897398 |  51902094 |
583 |  51884131 | 51957340 |  51966072 | 51972336 |  51979740 | 51980424 |  51986600 |
584 |  51971663 | 52041203 |  52048760 | 52054839 |  52061379 | 52061899 |  52067709 |
585 |  52054172 | 52123921 |  52132051 | 52137986 |  52145039 | 52145599 |  52153778 |
586 |  52137379 | 52207104 |  52213043 | 52219143 |  52224148 | 52224680 |  52230511 |
587 |  52218504 | 52287331 |  52294972 | 52301052 |  52308216 | 52308774 |  52315391 |
588 |  52300418 | 52369149 |  52376828 | 52382990 |  52389576 | 52390149 |  52395868 |
589 |  52382378 | 52450889 |  52457372 | 52463661 |  52468514 | 52469054 |  52474427 |
590 |  52463029 | 52527300 |  52543581 | 52550104 |  52557573 | 52558181 |  52564364 |
591 |  52549540 | 52615008 |  52626585 | 52632684 |  52638416 | 52638992 |  52643863 |
592 |  52632120 | 52697882 |  52709279 | 52715284 |  52722286 | 52722858 |  52728185 |
593 |  52714669 | 52780297 |  52786434 | 52788212 |  52795854 | 52802074 |  52806819 |
594 |  52787422 | 52858811 |  52863045 | 52869039 |  52874771 | 52875348 |  52878636 |
595 |  52868461 | 52931320 |  52939149 | 52949410 |  52954928 | 52960932 |  52966233 |
596 |  52935398 | 53019786 |  53025510 | 53026245 |  53029729 | 53049942 |  53053388 |
597 |  53030162 | 53041418 |  53049043 | 53126401 |  53131222 | 53132238 |  53136949 |
598 |  53049497 | 53201993 |  53210063 | 53216423 |  53222057 | 53222780 |  53227135 |
599 |  53215929 | 53283883 |  53294468 | 53300823 |  53308197 | 53308952 |  53315329 |
600 |  53300363 | 53367663 |  53378116 | 53384407 |  53389777 | 53390483 |  53395589 |
601 |  53383864 | 53451503 |  53461670 | 53467995 |  53474851 | 53475537 |  53481514 |
602 |  53467566 | 53534849 |  53579662 | 53585994 |  53606330 | 53610151 |  53616143 |
603 |  53585503 | 53657845 |  53667265 | 53674125 |  53678865 | 53679678 |  53683491 |
604 |  53673569 | 53738622 |  53746369 | 53753440 |  53762242 | 53762929 |  53767621 |
605 |  53753030 | 53818126 |  53829906 | 53836296 |  53843276 | 53844051 |  53849952 |
606 |  53835832 | 53900744 |  53912076 | 53918403 |  53924513 | 53925248 |  53930619 |
607 |  53917929 | 53999543 |  54010576 | 54016997 |  54023400 | 54024212 |  54034000 |
608 |  54016529 | 54082148 |  54091852 | 54099136 |  54108594 | 54109883 |  54118805 |
609 |  54098488 | 54187432 |  54196825 | 54206974 |  54214719 | 54215834 |  54223164 |
610 |  54206311 | 54266240 |  54276971 | 54278118 |  54290974 | 54299559 |  54309235 |
611 |  54277552 | 54344887 |  54353460 | 54366509 |  54372630 | 54387147 |  54394744 |
612 |  54386037 | 54419401 |  54430977 | 54445857 |  54456744 | 54467296 |  54478575 |
613 |  54431486 | 54579448 |  54592778 | 54596527 |  54607421 | 54608136 |  54623298 |
614 |  54624637 | 54638845 |  54645737 | 54702869 |  54709071 | 54712801 |  54718469 |
615 |  54646315 | 54731749 |  54741732 | 54802160 |  54815520 | 54821353 |  54829799 |
616 |  54742305 | 54913429 |  54928183 | 54938186 |  54949189 | 54950232 |  54959728 |
617 |  54937439 | 55004791 |  55011838 | 55016354 |  55022612 | 55023312 |  55029308 |
618 |  55015025 | 55044487 |  55055910 | 55056771 |  55062705 | 55129904 |  55138298 |
619 |  55063214 | 55112725 |  55128591 | 55229372 |  55241083 | 55246648 |  55257039 |
620 |  55129291 | 55333352 |  55340113 | 55345724 |  55351614 | 55352311 |  55358946 |
621 |  55345271 | 55434360 |  55445147 | 55446247 |  55455019 | 55460230 |  55480705 |
622 |  55445720 | 55561303 |  55572616 | 55578160 |  55588888 | 55589637 |  55603062 |
623 |  55577697 | 55684017 |  55697542 | 55698714 |  55709399 | 55714984 |  55725904 |
624 |  55698171 | 55806948 |  55819516 | 55825093 |  55835921 | 55836686 |  55847894 |
625 |  55824630 | 55940215 |  55954260 | 55955645 |  55965702 | 55972087 |  55979283 |
626 |  55954925 | 56189200 |  56199769 | 56208174 |  56214878 | 56215677 |  56221081 |
627 |  56207302 | 56272973 |  56294358 | 56304683 |  56310192 | 56311028 |  56316154 |
628 |  56303951 | 56371252 |  56380888 | 56383108 |  56398292 | 56405710 |  56416313 |
629 |  56382408 | 56455325 |  56463455 | 56471153 |  56483203 | 56491816 |  56499066 |
630 |  56464103 | 56557977 |  56572941 | 56584756 |  56597508 | 56598281 |  56607862 |
631 |  56584131 | 56683588 |  56692205 | 56699145 |  56706621 | 56707332 |  56711119 |
632 |  56698553 | 56763849 |  56771738 | 56774836 |  56780076 | 56786477 |  56790415 |
633 |  56772391 | 56836653 |  56843423 | 56851838 |  56857071 | 56857879 |  56862115 |
634 |  56852059 | 56920990 |  56943730 | 56953345 |  56961248 | 56961917 |  56966080 |
635 |  56952802 | 57023700 |  57035922 | 57044113 |  57048943 | 57049740 |  57054092 |
636 |  57043655 | 57114079 |  57122858 | 57130173 |  57134585 | 57135225 |  57139011 |
637 |  57129727 | 57199459 |  57215421 | 57220919 |  57233691 | 57234686 |  57246849 |
638 |  57230757 | 57271897 |  57280384 | 57285272 |  57292765 | 57293697 |  57304113 |
639 |  57305405 | 57312898 |  57326038 | 57336047 |  57344049 | 57384953 |  57399631 |
640 |  57335433 | 57401197 |  57415467 | 57473869 |  57487283 | 57495550 |  57508968 |
641 |  57416159 | 57561848 |  57572468 | 57578709 |  57586774 | 57587526 |  57613757 |
642 |  57578068 | 57608873 |  57627528 | 57646884 |  57653172 | 57687282 |  57693047 |
643 |  57646176 | 57708849 |  57714631 | 57721067 |  57725187 | 57725767 |  57729067 |
644 |  57720635 | 57787185 |  57794540 | 57799126 |  57805564 | 57806093 |  57810595 |
645 |  57797105 | 57820843 |  57831133 | 57882235 |  57889352 | 57897464 |  57922806 |
646 |  57831667 | 57966324 |  57978172 | 57987336 |  57997783 | 57999133 |  58007728 |
647 |  57986440 | 58052897 |  58064525 | 58072241 |  58082119 | 58083191 |  58098082 |
648 |  58071542 | 58137728 |  58151224 | 58154194 |  58164832 | 58165333 |  58170967 |
649 |  58171818 | 58213985 |  58220139 | 58221334 |  58231768 | 58239066 |  58245452 |
650 |  58220657 | 58303706 |  58313410 | 58321727 |  58331941 | 58359202 |  58373859 |
651 |  58321184 | 58385583 |  58390224 | 58487210 |  58498163 | 58507651 |  58521182 |
652 |  58390817 | 58600612 |  58615483 | 58619873 |  58636207 | 58636972 |  58647330 |
653 |  58636058 | 58695645 |  58706056 | 58709284 |  58719768 | 58720291 |  58725464 |
654 |  58726214 | 58770520 |  58780560 | 58782148 |  58787626 | 58790515 |  58796087 |
655 |  58781319 | 58863340 |  58872230 | 58879098 |  58885458 | 58886297 |  58894774 |
656 |  58878461 | 58944380 |  58955738 | 58962360 |  58971352 | 58972134 |  58988713 |
657 |  58961780 | 59033740 |  59045155 | 59051376 |  59064111 | 59064951 |  59072578 |
658 |  59050911 | 59116743 |  59124029 | 59130664 |  59135365 | 59136171 |  59140277 |
659 |  59130276 | 59196706 |  59205478 | 59211730 |  59216065 | 59216911 |  59220791 |
660 |  59211304 | 59276219 |  59295722 | 59302031 |  59309359 | 59310045 |  59316460 |
661 |  59301644 | 59367187 |  59380964 | 59387082 |  59402418 | 59403380 |  59414523 |
662 |  59386645 | 59461103 |  59471388 | 59480209 |  59485975 | 59486888 |  59494264 |
663 |  59479483 | 59542995 |  59548135 | 59552117 |  59557617 | 59558275 |  59564316 |
664 |  59550453 | 59623299 |  59630633 | 59637519 |  59641479 | 59642150 |  59645285 |
665 |  59637039 | 59701998 |  59710366 | 59713637 |  59717897 | 59718359 |  59725288 |
666 |  59726398 | 59783551 |  59798314 | 59805128 |  59814912 | 59815577 |  59821061 |
667 |  59804648 | 59869943 |  59880361 | 59883315 |  59897312 | 59897873 |  59908440 |
668 |  59909498 | 59955335 |  59962602 | 59965732 |  59970020 | 59970471 |  59980239 |
669 |  59981198 | 60036241 |  60045077 | 60052091 |  60060299 | 60061093 |  60069009 |
670 |  60051603 | 60117117 |  60138313 | 60141850 |  60349469 | 60367672 |  60390801 |
671 |  60182972 | 60238176 |  60431398 | 60472569 |  60481785 | 60541094 |  60548508 |
672 |  60308054 | 60598562 |  60667696 | 60673949 |  60724943 | 60729726 |  60744041 |
673 |  60657817 | 60717842 |  60734332 | 60744947 |  60756236 | 60817367 |  60830373 |
674 |  60737758 | 60829884 |  60841438 | 60905531 |  60919360 | 60926138 |  60932680 |
675 |  60841975 | 60994797 |  61008517 | 61016399 |  61025478 | 61029603 |  61034612 |
676 |  61016240 | 61079453 |  61084935 | 61091059 |  61096190 | 61096953 |  61101102 |
677 |  61090561 | 61156221 |  61164505 | 61167160 |  61178297 | 61178867 |  61185380 |
678 |  61186514 | 61241057 |  61250594 | 61258048 |  61263825 | 61264436 |  61269479 |
679 |  61257340 | 61323962 |  61331032 | 61335407 |  61344158 | 61344900 |  61348640 |
680 |  61349386 | 61406997 |  61413226 | 61420134 |  61424762 | 61425418 |  61434741 |
681 |  61419626 | 61492748 |  61497991 | 61499790 |  61508204 | 61515521 |  61520403 |
682 |  61498575 | 61584069 |  61613874 | 61617816 |  61626487 | 61638904 |  61645185 |
683 |  61616789 | 61701391 |  61708703 | 61712261 |  61720409 | 61721072 |  61725055 |
684 |  61726088 | 61772508 |  61778964 | 61780875 |  61792358 | 61803231 |  61808520 |
685 |  61780175 | 61853086 |  61860651 | 61873647 |  61885029 | 61892445 |  61899892 |
686 |  61861110 | 61960595 |  61968536 | 61972058 |  61983040 | 61983650 |  61987958 |
687 |  61988878 | 62016885 |  62021758 | 62029234 |  62036158 | 62036904 |  62040599 |
688 |  62028580 | 62093680 |  62106113 | 62112738 |  62119082 | 62119908 |  62125813 |
689 |  62112193 | 62180360 |  62187043 | 62189681 |  62198357 | 62204390 |  62209615 |
690 |  62188891 | 62262384 |  62273392 | 62276932 |  62286226 | 62286716 |  62291894 |
691 |  62292924 | 62343688 |  62354503 | 62362085 |  62367997 | 62368712 |  62374585 |
692 |  62361517 | 62427364 |  62438345 | 62441578 |  62448524 | 62449039 |  62453801 |
693 |  62454910 | 62512783 |  62519048 | 62525395 |  62530856 | 62531566 |  62538422 |
694 |  62524918 | 62590876 |  62596687 | 62599606 |  62608114 | 62608610 |  62613363 |
695 |  62614336 | 62793971 |  62805745 | 62820787 |  62827514 | 62828117 |  62833498 |
696 |  62820133 | 62878888 |  62889709 | 62895941 |  62902834 | 62903411 |  62908671 |
697 |  62895283 | 62961173 |  62972186 | 62978277 |  62985531 | 62986095 |  62992360 |
698 |  62977654 | 63043165 |  63054556 | 63060556 |  63067852 | 63068427 |  63074898 |
699 |  63059927 | 63195036 |  63214871 | 63223800 |  63230825 | 63231640 |  63237183 |
700 |  63223087 | 63293862 |  63300655 | 63301757 |  63307931 | 63319230 |  63323330 |
701 |  63301221 | 63390732 |  63403389 | 63409601 |  63416631 | 63417464 |  63426505 |
702 |  63409152 | 63474697 |  63481090 | 63487840 |  63493867 | 63494617 |  63500012 |
703 |  63487458 | 63552658 |  63561156 | 63567557 |  63571807 | 63572562 |  63576190 |
704 |  63567121 | 63631960 |  63643090 | 63649126 |  63656567 | 63657367 |  63663905 |
705 |  63648663 | 63714911 |  63727879 | 63734220 |  63741372 | 63742186 |  63748491 |
706 |  63733783 | 63798980 |  63808977 | 63816129 |  63822661 | 63823647 |  63835944 |
707 |  63815467 | 63879925 |  63889610 | 63896077 |  63901442 | 63902265 |  63906703 |
708 |  63895586 | 63961491 |  63968988 | 63975734 |  63981040 | 63981793 |  63986123 |
709 |  63975295 | 64041282 |  64046541 | 64049144 |  64056114 | 64062265 |  64067766 |
710 |  64048358 | 64118750 |  64123852 | 64129641 |  64134247 | 64134797 |  64139141 |
711 |  64129106 | 64194335 |  64205562 | 64211857 |  64218568 | 64219318 |  64225172 |
712 |  64211403 | 64276756 |  64288449 | 64294683 |  64301747 | 64302552 |  64308935 |
713 |  64294215 | 64359741 |  64371204 | 64377418 |  64384128 | 64384894 |  64391054 |
714 |  64376971 | 64442378 |  64448730 | 64450581 |  64458017 | 64463801 |  64467962 |
715 |  64449824 | 64520280 |  64535907 | 64542990 |  64549581 | 64550298 |  64555973 |
716 |  64542526 | 64607660 |  64617479 | 64623606 |  64628749 | 64629496 |  64634219 |
717 |  64623173 | 64688731 |  64699173 | 64705690 |  64712300 | 64713009 |  64718867 |
718 |  64705251 | 64772528 |  64782168 | 64789972 |  64795956 | 64796666 |  64802197 |
719 |  64789423 | 64855123 |  64861063 | 64868210 |  64875556 | 64876300 |  64882412 |
720 |  64867768 | 64934600 |  64940886 | 64943682 |  64954181 | 64954757 |  64959722 |
721 |  64960756 | 65015866 |  65024073 | 65030478 |  65035728 | 65036323 |  65041028 |
722 |  65029951 | 65095725 |  65103191 | 65106301 |  65112187 | 65112736 |  65120876 |
723 |  65121651 | 65172861 |  65182944 | 65190218 |  65197007 | 65197771 |  65205382 |
724 |  65189682 | 65254498 |  65262522 | 65265831 |  65269513 | 65269966 |  65274218 |
725 |  65275221 | 65335819 |  65343534 | 65350033 |  65354317 | 65355012 |  65358552 |
726 |  65349555 | 65415220 |  65426082 | 65429119 |  65434522 | 65435056 |  65442474 |
727 |  65443444 | 65499233 |  65510817 | 65517549 |  65524799 | 65525560 |  65537882 |
728 |  65517069 | 65581882 |  65599821 | 65604246 |  65612805 | 65613292 |  65618001 |
729 |  65618971 | 65659364 |  65667546 | 65679043 |  65683959 | 65684601 |  65688745 |
730 |  65678527 | 65739851 |  65746249 | 65747832 |  65755506 | 65758635 |  65762457 |
731 |  65747219 | 65817926 |  65825170 | 65826803 |  65842373 | 65848797 |  65855784 |
732 |  65825822 | 65913757 |  65923284 | 65929548 |  65935775 | 65936494 |  65948509 |
733 |  65929007 | 65995645 |  66004715 | 66007967 |  66012173 | 66012700 |  66016814 |
734 |  66017902 | 66034522 |  66038487 | 66039122 |  66044778 | 66047639 |  66052412 |
735 |  66038755 | 66117417 |  66127088 | 66133960 |  66140874 | 66141502 |  66147967 |
736 |  66133301 | 66200572 |  66205171 | 66209124 |  66215381 | 66221591 |  66227271 |
737 |  66205630 | 66287000 |  66293689 | 66299703 |  66303525 | 66304257 |  66307774 |
738 |  66299231 | 66364880 |  66376715 | 66382816 |  66389809 | 66390478 |  66396100 |
739 |  66382332 | 66448103 |  66459860 | 66462741 |  66468937 | 66469419 |  66475278 |
740 |  66476309 | 66533778 |  66542341 | 66549085 |  66554744 | 66555390 |  66560504 |
741 |  66548439 | 66613520 |  66621494 | 66624005 |  66634483 | 66635011 |  66641061 |
742 |  66641734 | 66696058 |  66704084 | 66710468 |  66716438 | 66717182 |  66721704 |
743 |  66709890 | 66776750 |  66786632 | 66793287 |  66798439 | 66799224 |  66803385 |
744 |  66792861 | 66858583 |  66863539 | 66865565 |  66870240 | 66874811 |  66883164 |
745 |  66864701 | 66941462 |  66949193 | 66955675 |  66964455 | 66965178 |  66971474 |
746 |  66954972 | 67023495 |  67030667 | 67037846 |  67043605 | 67044212 |  67049178 |
747 |  67037107 | 67103398 |  67111083 | 67117422 |  67124543 | 67125143 |  67130846 |
748 |  67116763 | 67182423 |  67190121 | 67196260 |  67203179 | 67203764 |  67209969 |
749 |  67195636 | 67261505 |  67266422 | 67268410 |  67273636 | 67279910 |  67284339 |
750 |  67267526 | 67337127 |  67343416 | 67349424 |  67355212 | 67355839 |  67361104 |
751 |  67348994 | 67414262 |  67423633 | 67430132 |  67438370 | 67439008 |  67444918 |
752 |  67429502 | 67494444 |  67500226 | 67506464 |  67510404 | 67511000 |  67514156 |
753 |  67505858 | 67571088 |  67577088 | 67583339 |  67588799 | 67589342 |  67594311 |
754 |  67582712 | 67647635 |  67652355 | 67654595 |  67661008 | 67667069 |  67671262 |
755 |  67653826 | 67722964 |  67730238 | 67736340 |  67741822 | 67742446 |  67746877 |
756 |  67735875 | 67798642 |  67806259 | 67807258 |  67813674 | 67819964 |  67827131 |
757 |  67806798 | 67884431 |  67892358 | 67898387 |  67905625 | 67906417 |  67929153 |
758 |  67897920 | 67970053 |  67977912 | 67985095 |  67992134 | 67992740 |  68000252 |
759 |  67984469 | 68049636 |  68055933 | 68062129 |  68068251 | 68068798 |  68088194 |
760 |  68061516 | 68129145 |  68136532 | 68143024 |  68148601 | 68149166 |  68153464 |
761 |  68142373 | 68207457 |  68212275 | 68215076 |  68219991 | 68226586 |  68230640 |
762 |  68214141 | 68282543 |  68288856 | 68290980 |  68296467 | 68302854 |  68308198 |
763 |  68289357 | 68368104 |  68373083 | 68379343 |  68383966 | 68384604 |  68388445 |
764 |  68378692 | 68444186 |  68451893 | 68458939 |  68464079 | 68464799 |  68469125 |
765 |  68458491 | 68524195 |  68533908 | 68540373 |  68548328 | 68549055 |  68554333 |
766 |  68539922 | 68608668 |  68613010 | 68613858 |  68617395 | 68623521 |  68627518 |
767 |  68613416 | 68697809 |  68703994 | 68710772 |  68715939 | 68716728 |  68723593 |
768 |  68710006 | 68780142 |  68793599 | 68804218 |  68810047 | 68810957 |  68818174 |
769 |  68803676 | 68870378 |  68875461 | 68879220 |  68884020 | 68890957 |  68895670 |
770 |  68878303 | 68947551 |  68955521 | 68957987 |  68963540 | 68969926 |  68975378 |
771 |  68956045 | 69035968 |  69043876 | 69049843 |  69055671 | 69056374 |  69061195 |
772 |  69049361 | 69114795 |  69128341 | 69134737 |  69141770 | 69142466 |  69153170 |
773 |  69134159 | 69201132 |  69207306 | 69209322 |  69216774 | 69223261 |  69229637 |
774 |  69208459 | 69279253 |  69289132 | 69295313 |  69302768 | 69303403 |  69324146 |
775 |  69294765 | 69362118 |  69368624 | 69370310 |  69377659 | 69383947 |  69391650 |
776 |  69369552 | 69440631 |  69452812 | 69454348 |  69462906 | 69469357 |  69475697 |
777 |  69453428 | 69535190 |  69542832 | 69549447 |  69555064 | 69555807 |  69560866 |
778 |  69548870 | 69597497 |  69604345 | 69604987 |  69611708 | 69618150 |  69623495 |
779 |  69604861 | 69686533 |  69694362 | 69700517 |  69707292 | 69708062 |  69713775 |
780 |  69699988 | 69770297 |  69778228 | 69784202 |  69793157 | 69793867 |  69799593 |
781 |  69783761 | 69853819 |  69859316 | 69861280 |  69866079 | 69867341 |  69871990 |
782 |  69860404 | 69935110 |  69943576 | 69949937 |  69958096 | 69958726 |  69965328 |
783 |  69949341 | 70018963 |  70023957 | 70025792 |  70030297 | 70035696 |  70039569 |
784 |  70024979 | 70097840 |  70103296 | 70109459 |  70114714 | 70115404 |  70120698 |
785 |  70108844 | 70196037 |  70202007 | 70208398 |  70213329 | 70213906 |  70217689 |
786 |  70207790 | 70276233 |  70282124 | 70288370 |  70293610 | 70294142 |  70298570 |
787 |  70287659 | 70357121 |  70365225 | 70371488 |  70376882 | 70377462 |  70382384 |
788 |  70370820 | 70440388 |  70447410 | 70453573 |  70459162 | 70459695 |  70466804 |
789 |  70452970 | 70522025 |  70531723 | 70538184 |  70542650 | 70543219 |  70548711 |
790 |  70537555 | 70608503 |  70614306 | 70620480 |  70625681 | 70626274 |  70630533 |
791 |  70619842 | 70688841 |  70697286 | 70703640 |  70709876 | 70710422 |  70715950 |
792 |  70703007 | 70773126 |  70783593 | 70784486 |  70788927 | 70804948 |  70814522 |
793 |  70784095 | 71069486 |  71082166 | 71090488 |  71106854 | 72162265 |  72189323 |
794 |  71089833 | 71181320 |  71191268 | 72267289 |  72275413 | 72286461 |  72297540 |
795 |  71191869 | 72388755 |  72400382 | 72407315 |  72415212 | 72416285 |  72423967 |
796 |  72406616 | 72475092 |  72490975 | 72500406 |  72509799 | 72510921 |  72520072 |
797 |  72499578 | 72565900 |  72581174 | 72588662 |  72608327 | 72609482 |  72620554 |
798 |  72587887 | 72654164 |  72667410 | 72675085 |  72686097 | 72687265 |  72693855 |
799 |  72674282 | 72779675 |  72791220 | 72800488 |  72809931 | 72811148 |  72819292 |
800 |  72799499 | 72862525 |  72875729 | 72879211 |  72891496 | 72892161 |  72897903 |
801 |  72898812 | 72921335 |  72933998 | 72937754 |  72945534 | 72946187 |  72952440 |
802 |  72929655 | 73005279 |  73013050 | 73015614 |  73021635 | 73027798 |  73034877 |
803 |  73013687 | 73096989 |  73105861 | 73117831 |  73125855 | 73127140 |  73134450 |
804 |  73116470 | 73180240 |  73187549 | 73194433 |  73199210 | 73199889 |  73203376 |
805 |  73193885 | 73259328 |  73270469 | 73273865 |  73280614 | 73281121 |  73287507 |
806 |  73288225 | 73305724 |  73312885 | 73313560 |  73319707 | 73323365 |  73334832 |
807 |  73313212 | 73390869 |  73398421 | 73401464 |  73408176 | 73409035 |  73412494 |
808 |  73413434 | 73473398 |  73482403 | 73485766 |  73490358 | 73490947 |  73495522 |
809 |  73496635 | 73555467 |  73566133 | 73573437 |  73580641 | 73581315 |  73587650 |
810 |  73572970 | 73603425 |  73611633 | 73623573 |  73628011 | 73633842 |  73641333 |
811 |  73604924 | 73697594 |  73705406 | 73730172 |  73735297 | 73735955 |  73753199 |
812 |  73729452 | 73778920 |  73784109 | 73787021 |  73793867 | 73796985 |  73803763 |
813 |  73786229 | 73863638 |  73874114 | 73877732 |  73886204 | 73886712 |  73893239 |
814 |  73894102 | 73948880 |  73956150 | 73959125 |  73967709 | 73968303 |  73981252 |
815 |  73982751 | 74038878 |  74047906 | 74054683 |  74062981 | 74063728 |  74070144 |
816 |  74053997 | 74119404 |  74127263 | 74130853 |  74135863 | 74136433 |  74141137 |
817 |  74142059 | 74200482 |  74210989 | 74217432 |  74223682 | 74224320 |  74229530 |
818 |  74216859 | 74282010 |  74294814 | 74297822 |  74304558 | 74305014 |  74312973 |
819 |  74314017 | 74367717 |  74377711 | 74384230 |  74390493 | 74391159 |  74397212 |
820 |  74383752 | 74448682 |  74455905 | 74459731 |  74463205 | 74463683 |  74466858 |
821 |  74467850 | 74529820 |  74543283 | 74558530 |  74565650 | 74566458 |  74573891 |
822 |  74557613 | 74617089 |  74622386 | 74624383 |  74632990 | 74639086 |  74644501 |
823 |  74623357 | 74692860 |  74699725 | 74703281 |  74709679 | 74715916 |  74722163 |
824 |  74700240 | 74787406 |  74796472 | 74803178 |  74808534 | 74809155 |  74814019 |
825 |  74802628 | 74867786 |  74880802 | 74886871 |  74892915 | 74893667 |  74906249 |
826 |  74886416 | 74951886 |  74959305 | 74962999 |  74966590 | 74967080 |  74970392 |
827 |  74971510 | 74987134 |  74991530 | 74992172 |  74997932 | 75000925 |  75004654 |
828 |  74991834 | 75070523 |  75082123 | 75090174 |  75095893 | 75096611 |  75101852 |
829 |  75089532 | 75155148 |  75164021 | 75170579 |  75177913 | 75178639 |  75183521 |
830 |  75170185 | 75235525 |  75244681 | 75250956 |  75256593 | 75257312 |  75261212 |
831 |  75250498 | 75315775 |  75325414 | 75328450 |  75334945 | 75335435 |  75339555 |
832 |  75340553 | 75398191 |  75407124 | 75413485 |  75418919 | 75419524 |  75424174 |
833 |  75413074 | 75479047 |  75489341 | 75492336 |  75497603 | 75498101 |  75502942 |
834 |  75503844 | 75563026 |  75575688 | 75583648 |  75598560 | 75599260 |  75604896 |
835 |  75583226 | 75649334 |  75657913 | 75661261 |  75665191 | 75665629 |  75669318 |
836 |  75670417 | 75674135 |  75689339 | 75749595 |  75758422 | 75765341 |  75772059 |
837 |  75690007 | 75830824 |  75838235 | 75844391 |  75851257 | 75851869 |  75860490 |
838 |  75843788 | 75908790 |  75919093 | 75925530 |  75932131 | 75932823 |  75939746 |
839 |  75925103 | 75990441 |  76000564 | 76006595 |  76012795 | 76013526 |  76019149 |
840 |  76006109 | 76071380 |  76083207 | 76089351 |  76095882 | 76096577 |  76102384 |
841 |  76088873 | 76154163 |  76161732 | 76168086 |  76171957 | 76172726 |  76176059 |
842 |  76167662 | 76232798 |  76240508 | 76246807 |  76250624 | 76251383 |  76254817 |
843 |  76246401 | 76311689 |  76319983 | 76326207 |  76336965 | 76337925 |  76343435 |
844 |  76325783 | 76391149 |  76400147 | 76406667 |  76413275 | 76413876 |  76417852 |
845 |  76406118 | 76471131 |  76477445 | 76479004 |  76486809 | 76493450 |  76497691 |
846 |  76478348 | 76549395 |  76556848 | 76557913 |  76563999 | 76570330 |  76574380 |
847 |  76557401 | 76654756 |  76662521 | 76668774 |  76673517 | 76674263 |  76678405 |
848 |  76668236 | 76736245 |  76745119 | 76755470 |  76760507 | 76761251 |  76766940 |
849 |  76754732 | 76816525 |  76822965 | 76824946 |  76834083 | 76840384 |  76844665 |
850 |  76824039 | 76894863 |  76906370 | 76913186 |  76919379 | 76920145 |  76925828 |
851 |  76912754 | 76978804 |  76989968 | 76996002 |  77003740 | 77004560 |  77010036 |
852 |  76995569 | 77061397 |  77070948 | 77077049 |  77082282 | 77082978 |  77087215 |
853 |  77076662 | 77142032 |  77149720 | 77156025 |  77159809 | 77160524 |  77163962 |
854 |  77155583 | 77221724 |  77233037 | 77239267 |  77247196 | 77247978 |  77261681 |
855 |  77238811 | 77304363 |  77311963 | 77318732 |  77322411 | 77323079 |  77326413 |
856 |  77318334 | 77384038 |  77391561 | 77398281 |  77403386 | 77404163 |  77412874 |
857 |  77397871 | 77463719 |  77472492 | 77478800 |  77487071 | 77487963 |  77493955 |
858 |  77478350 | 77543886 |  77551386 | 77558834 |  77567943 | 77568726 |  77573998 |
859 |  77558323 | 77605096 |  77613328 | 77619538 |  77624613 | 77625337 |  77629573 |
860 |  77619003 | 77702709 |  77710874 | 77717432 |  77721212 | 77721934 |  77725107 |
861 |  77716940 | 77784875 |  77792519 | 77799189 |  77804530 | 77805312 |  77810436 |
862 |  77798820 | 77866749 |  77877158 | 77883334 |  77888926 | 77889636 |  77896097 |
863 |  77882821 | 77950621 |  77961643 | 77968135 |  77975065 | 77975803 |  77982019 |
864 |  77967726 | 78035294 |  78042909 | 78049253 |  78053110 | 78053774 |  78057010 |
865 |  78048748 | 78116517 |  78126806 | 78133096 |  78138806 | 78139520 |  78144521 |
866 |  78132728 | 78200236 |  78211371 | 78217544 |  78223108 | 78223772 |  78228640 |
867 |  78217031 | 78284885 |  78292255 | 78294331 |  78302682 | 78308522 |  78313869 |
868 |  78293488 | 78365952 |  78373507 | 78374883 |  78382598 | 78388367 |  78393676 |
869 |  78374349 | 78447819 |  78457343 | 78464351 |  78470788 | 78471535 |  78477607 |
870 |  78463772 | 78527336 |  78534590 | 78535684 |  78541953 | 78548149 |  78556266 |
871 |  78535190 | 78617382 |  78623955 | 78631013 |  78637144 | 78637770 |  78642922 |
872 |  78630393 | 78724653 |  78736524 | 78744004 |  78760995 | 78762149 |  78773149 |
873 |  78743389 | 78827113 |  78835682 | 78837351 |  78851782 | 78860356 |  78866372 |
874 |  78836250 | 78928115 |  78935862 | 78941997 |  78948810 | 78949661 |  78955455 |
875 |  78941489 | 79010207 |  79014709 | 79015727 |  79021852 | 79029291 |  79035496 |
876 |  79015265 | 79097062 |  79102962 | 79105893 |  79110050 | 79110541 |  79114796 |
877 |  79115499 | 79162426 |  79170314 | 79174537 |  79179241 | 79179891 |  79183690 |
878 |  79184351 | 79227554 |  79235792 | 79246497 |  79250529 | 79251228 |  79254748 |
879 |  79245970 | 79307715 |  79317722 | 79324022 |  79329351 | 79330068 |  79334608 |
880 |  79323544 | 79389186 |  79400267 | 79406522 |  79413469 | 79414148 |  79419737 |
881 |  79406048 | 79471810 |  79480568 | 79483964 |  79492597 | 79493108 |  79500262 |
882 |  79501356 | 79526541 |  79535933 | 79542905 |  79547633 | 79548339 |  79554675 |
883 |  79542345 | 79606821 |  79612171 | 79616399 |  79624032 | 79629906 |  79634196 |
884 |  79615658 | 79688574 |  79701233 | 79704304 |  79711402 | 79711925 |  79718011 |
885 |  79719002 | 79778295 |  79786117 | 79792984 |  79797136 | 79797752 |  79800959 |
886 |  79792479 | 79868554 |  79876361 | 79884782 |  79890211 | 79890955 |  79898013 |
887 |  79883914 | 79950560 |  79963297 | 79971206 |  79982717 | 79983643 |  79990446 |
888 |  79970142 | 80034841 |  80041827 | 80045377 |  80051081 | 80051646 |  80057905 |
889 |  80042766 | 80100720 |  80107795 | 80110757 |  80116335 | 80122536 |  80126842 |
890 |  80108935 | 80187694 |  80194731 | 80197039 |  80207217 | 80207768 |  80213378 |
891 |  80214132 | 80271928 |  80280006 | 80283572 |  80288167 | 80288799 |  80293202 |
892 |  80294324 | 80338076 |  80346078 | 80350311 |  80357122 | 80357687 |  80362771 |
893 |  80363443 | 80402624 |  80414557 | 80424237 |  80429917 | 80430756 |  80435431 |
894 |  80423637 | 80491715 |  80502955 | 80509598 |  80516490 | 80517334 |  80521852 |
895 |  80509090 | 80576742 |  80586198 | 80593052 |  80606054 | 80606823 |  80612894 |
896 |  80592596 | 80659711 |  80670859 | 80677247 |  80682250 | 80683004 |  80687518 |
897 |  80676712 | 80746387 |  80755138 | 80763524 |  80769776 | 80770459 |  80773677 |
898 |  80762710 | 80828627 |  80839401 | 80842550 |  80852787 | 80853268 |  80859203 |
899 |  80859934 | 80879821 |  80891369 | 80895767 |  80904915 | 80907766 |  80917853 |
900 |  80890470 | 80973386 |  80983109 | 80986540 |  80993506 | 80994108 |  80998029 |
901 |  80998956 | 81040768 |  81052011 | 81057039 |  81067114 | 81070094 |  81076019 |
902 |  81044231 | 81132108 |  81138576 | 81141559 |  81146596 | 81147154 |  81151884 |
903 |  81152854 | 81201761 |  81210659 | 81217134 |  81222490 | 81223153 |  81227717 |
904 |  81216669 | 81284745 |  81293226 | 81299993 |  81304845 | 81305474 |  81309463 |
905 |  81299413 | 81366737 |  81374617 | 81378737 |  81386137 | 81386676 |  81391382 |
906 |  81392129 | 81433764 |  81443233 | 81448027 |  81455812 | 81461839 |  81467310 |
907 |  81447846 | 81515222 |  81524409 | 81525299 |  81530881 | 81537132 |  81542828 |
908 |  81524982 | 81600906 |  81607099 | 81610184 |  81614932 | 81615393 |  81620911 |
909 |  81621826 | 81667187 |  81677488 | 81681374 |  81687146 | 81687644 |  81693042 |
910 |  81693754 | 81732009 |  81743915 | 81750846 |  81758376 | 81759087 |  81764873 |
911 |  81750187 | 81815969 |  81826447 | 81832656 |  81838908 | 81839460 |  81844496 |
912 |  81832110 | 81897335 |  81905371 | 81912612 |  81917496 | 81918076 |  81922000 |
913 |  81911941 | 81977550 |  81987355 | 81993461 |  81998163 | 81998764 |  82002647 |
914 |  81992911 | 82058714 |  82070760 | 82076897 |  82083244 | 82083853 |  82089100 |
915 |  82076280 | 82141208 |  82150868 | 82157106 |  82161725 | 82162283 |  82167400 |
916 |  82156592 | 82222554 |  82227955 | 82230752 |  82237818 | 82243874 |  82248375 |
917 |  82229999 | 82302409 |  82314325 | 82317229 |  82326616 | 82327105 |  82334930 |
918 |  82340658 | 82376749 |  82386604 | 82393754 |  82400484 | 82401148 |  82406710 |
919 |  82393002 | 82462739 |  82471068 | 82474319 |  82479748 | 82480238 |  82485679 |
920 |  82486418 | 82534952 |  82547109 | 82553678 |  82561028 | 82561812 |  82568637 |
921 |  82553132 | 82620699 |  82626905 | 82631301 |  82636960 | 82637584 |  82641477 |
922 |  82628881 | 82708470 |  82719013 | 82725565 |  82731843 | 82732516 |  82737515 |
923 |  82725125 | 82795920 |  82807390 | 82814509 |  82822000 | 82822741 |  82829567 |
924 |  82814036 | 82878965 |  82887614 | 82894038 |  82900138 | 82900887 |  82904595 |
925 |  82893574 | 82974987 |  82984108 | 82987263 |  82991513 | 82991991 |  82996059 |
926 |  82997057 | 83057837 |  83068438 | 83075606 |  83084554 | 83090805 |  83096901 |
927 |  83075271 | 83139968 |  83148596 | 83151653 |  83156795 | 83159155 |  83168023 |
928 |  83149059 | 83233837 |  83239545 | 83246027 |  83251079 | 83251735 |  83255927 |
929 |  83245607 | 83309437 |  83315748 | 83317502 |  83327710 | 83333292 |  83340060 |
930 |  83316629 | 83386814 |  83394523 | 83398973 |  83408718 | 83409457 |  83416191 |
931 |  83397640 | 83454866 |  83463660 | 83466874 |  83474616 | 83480489 |  83485626 |
932 |  83466083 | 83535032 |  83545629 | 83548778 |  83554761 | 83555394 |  83561221 |
933 |  83562212 | 83633791 |  83643785 | 83650809 |  83656534 | 83659173 |  83671018 |
934 |  83650285 | 83716370 |  83725031 | 83726530 |  83730731 | 83732728 |  83738934 |
935 |  83725809 | 83801320 |  83807880 | 83814531 |  83821136 | 83821856 |  83825639 |
936 |  83814055 | 83881604 |  83888223 | 83894542 |  83902088 | 83902905 |  83909604 |
937 |  83894082 | 83964457 |  83975153 | 83981439 |  83988555 | 83989376 |  83995691 |
938 |  83981015 | 84042157 |  84049633 | 84055746 |  84061240 | 84062061 |  84067062 |
939 |  84055293 | 84126557 |  84132876 | 84139608 |  84144553 | 84145418 |  84149694 |
940 |  84139099 | 84208794 |  84217091 | 84223251 |  84229836 | 84230668 |  84236363 |
941 |  84222791 | 84292332 |  84298481 | 84304846 |  84312082 | 84312863 |  84317104 |
942 |  84304401 | 84372773 |  84380546 | 84386719 |  84393050 | 84393837 |  84401137 |
943 |  84386229 | 84455864 |  84463033 | 84469173 |  84474836 | 84475741 |  84482615 |
944 |  84468691 | 84538986 |  84547334 | 84553457 |  84560377 | 84561191 |  84567341 |
945 |  84552986 | 84623541 |  84630948 | 84637429 |  84642934 | 84643780 |  84650305 |
946 |  84636987 | 84707288 |  84714416 | 84720522 |  84726114 | 84726911 |  84731969 |
947 |  84720041 | 84794737 |  84805339 | 84808872 |  84813831 | 84814331 |  84819036 |
948 |  84819845 | 84884329 |  84895908 | 84902476 |  84909734 | 84910356 |  84916219 |
949 |  84901905 | 84969849 |  84982541 | 84985705 |  84994410 | 84994936 |  85001133 |
950 |  85001871 | 85047622 |  85058389 | 85066798 |  85073615 | 85074363 |  85080015 |
951 |  85066360 | 85132176 |  85136640 | 85140236 |  85147595 | 85148256 |  85152387 |
952 |  85138513 | 85211842 |  85222322 | 85229297 |  85237200 | 85238022 |  85244179 |
953 |  85228674 | 85293980 |  85305700 | 85308605 |  85315399 | 85315900 |  85322295 |
954 |  85323203 | 85379864 |  85384538 | 85391082 |  85397232 | 85397943 |  85401248 |
955 |  85390413 | 85455902 |  85463255 | 85465632 |  85475981 | 85476474 |  85482269 |
956 |  85482966 | 85537982 |  85546962 | 85553305 |  85559655 | 85560406 |  85565777 |
957 |  85552727 | 85602776 |  85618522 | 85621563 |  85630530 | 85631032 |  85637700 |
958 |  85638673 | 85692515 |  85705055 | 85712128 |  85719983 | 85720681 |  85727167 |
959 |  85711647 | 85749988 |  85759472 | 85766930 |  85775750 | 85783810 |  85790476 |
960 |  85752249 | 85828447 |  85833908 | 85861907 |  85870072 | 85876502 |  85883557 |
961 |  85834390 | 85943055 |  85954210 | 85960931 |  85967320 | 85968010 |  85978090 |
962 |  85960332 | 86025554 |  86037407 | 86044386 |  86058216 | 86059137 |  86065330 |
963 |  86043783 | 86112868 |  86119417 | 86126062 |  86131687 | 86132278 |  86136408 |
964 |  86125499 | 86190960 |  86201259 | 86208043 |  86214361 | 86215083 |  86220955 |
965 |  86207613 | 86272434 |  86283506 | 86286741 |  86295513 | 86296041 |  86301333 |
966 |  86302365 | 86343437 |  86349422 | 86356557 |  86362409 | 86363050 |  86367866 |
967 |  86355988 | 86398139 |  86408992 | 86417662 |  86426035 | 86430810 |  86440123 |
968 |  86404672 | 86478768 |  86486574 | 86502280 |  86507703 | 86513973 |  86522143 |
969 |  86487449 | 86579298 |  86585783 | 86588434 |  86596183 | 86596665 |  86601928 |
970 |  86602900 | 86646986 |  86657577 | 86663834 |  86671762 | 86672379 |  86678114 |
971 |  86663456 | 86748340 |  86759882 | 86767121 |  86773403 | 86774347 |  86785264 |
972 |  86766608 | 86832141 |  86843345 | 86849708 |  86862461 | 86863295 |  86869646 |
973 |  86849322 | 86914644 |  86925467 | 86932939 |  86940714 | 86941430 |  86946693 |
974 |  86932320 | 86997363 |  87005452 | 87013050 |  87018448 | 87019213 |  87025777 |
975 |  87012631 | 87077126 |  87087813 | 87094115 |  87099692 | 87100424 |  87105909 |
976 |  87093563 | 87159852 |  87172307 | 87176028 |  87185237 | 87185810 |  87191735 |
977 |  87192857 | 87228474 |  87238945 | 87246001 |  87250710 | 87251450 |  87255520 |
978 |  87245486 | 87312698 |  87320382 | 87323338 |  87328741 | 87329234 |  87334721 |
979 |  87335654 | 87385565 |  87395595 | 87402250 |  87408128 | 87408724 |  87413269 |
980 |  87401678 | 87470922 |  87481572 | 87486346 |  87491401 | 87491944 |  87496330 |
981 |  87497057 | 87565219 |  87578518 | 87579702 |  87585654 | 87594589 |  87600569 |
982 |  87579166 | 87634083 |  87644711 | 87652704 |  87663287 | 87663957 |  87673866 |
983 |  87652263 | 87711788 |  87723552 | 87724542 |  87738458 | 87747356 |  87759098 |
984 |  87724027 | 87906696 |  87916106 | 87925692 |  87942209 | 87943545 |  87952183 |
985 |  87924631 | 87981582 |  88003226 | 88017360 |  88032103 | 88033386 |  88058298 |
986 |  88016544 | 88055201 |  88069135 | 88077575 |  88096782 | 88142796 |  88155434 |
987 |  88076870 | 88137008 |  88149973 | 88305036 |  88323320 | 88330255 |  88340587 |
988 |  88150899 | 88426329 |  88446891 | 88458150 |  88470569 | 88471718 |  88483054 |
989 |  88457489 | 88521072 |  88544646 | 88553527 |  88561147 | 88562054 |  88573674 |
990 |  88552809 | 88617131 |  88625985 | 88628495 |  88636122 | 88643838 |  88648813 |
991 |  88626791 | 88690918 |  88699013 | 88705396 |  88715537 | 88716185 |  88724977 |
992 |  88704740 | 88772322 |  88780862 | 88785456 |  88792544 | 88793086 |  88802721 |
993 |  88782263 | 88809918 |  88816814 | 88817460 |  88829276 | 88918686 |  88928367 |
994 |  88829658 | 88954875 |  88966805 | 89045617 |  89053862 | 89062435 |  89073862 |
995 |  88981641 | 89127603 |  89137220 | 89146645 |  89151776 | 89152327 |  89161377 |
996 |  89146034 | 89213055 |  89221587 | 89230170 |  89240805 | 89242302 |  89252348 |
997 |  89229462 | 89293826 |  89303821 | 89306598 |  89314326 | 89314883 |  89319527 |
998 |  89320457 | 89326320 |  89333251 | 89388178 |  89394812 | 89401912 |  89408017 |
999 |  89333704 | 89493241 |  89509574 | 89515720 |  89526655 | 89532658 |  89542517 |
On  10000  request we have results:
Conveer time =  911.49707ms
Lenear  time =  1.184577591s
Draw compare graph?(1 -yes, other -no)
